1556855912246	mozrunner::runner	INFO	Running command: "C:\\Program Files\\Mozilla Firefox\\firefox.exe" "-marionette" "-foreground" "-no-remote" "-profile" "C:\\Users\\storm\\AppData\\Local\\Temp\\rust_mozprofile.C8wPj0gnaB4N"
1556855912692	addons.webextension.screenshots@mozilla.org	WARN	Loading extension 'screenshots@mozilla.org': Reading manifest: Invalid extension permission: mozillaAddons
1556855912692	addons.webextension.screenshots@mozilla.org	WARN	Loading extension 'screenshots@mozilla.org': Reading manifest: Invalid extension permission: resource://pdf.js/
1556855912692	addons.webextension.screenshots@mozilla.org	WARN	Loading extension 'screenshots@mozilla.org': Reading manifest: Invalid extension permission: about:reader*
1556855913717	Marionette	INFO	Listening on port 49354
1556855913867	Marionette	WARN	TLS certificate errors will be ignored for this session
JavaScript warning: https://www.fivestargulfrentals.com/wp-content/plugins/streamline-core-random/assets/masterslider/masterslider.min.js?ver=5.1.1, line 10: Using //@ to indicate sourceMappingURL pragmas is deprecated. Use //# instead
JavaScript error: https://real.vision/sugar-shack, line 47: ReferenceError: riveted is not defined
JavaScript error: https://real.vision/bundle/js/post-tour?v=mMVINcaVZ_4Q5mrGr9whlq6V6mGmQedHjmpL7LOzbnI1, line 1: SyntaxError: JSON.parse: unexpected character at line 1 column 1 of the JSON data
1556855955526	Marionette	INFO	Stopped listening on port 49354
[Parent 28348, Gecko_IOThread] WARNING: pipe error: 109: file z:/build/build/src/ipc/chromium/src/chrome/common/ipc_channel_win.cc, line 332
[Child 28576, Chrome_ChildThread] WARNING: pipe error: 109: file z:/build/build/src/ipc/chromium/src/chrome/common/ipc_channel_win.cc, line 332
[Child 28576, Chrome_ChildThread] WARNING: pipe error:[Parent 28348, Gecko_IOThread] WARNING: pipe error: 109: file z:/build/build/src/ipc/chromium/src/chrome/common/ipc_channel_win.cc, line 332

###!!! [Child][MessageChannel] Error: (msgtype=0x3500BB,name=PContent::Msg_ScriptError) Channel closing: too late to send/recv, messages will be lost


###!!! [Child][RunMessage] Error: Channel closing: too late to send/recv, messages will be lost

[Parent 28348, Gecko_IOThread] WARNING: pipe error: 109: file z:/build/build/src/ipc/chromium/src/chrome/common/ipc_channel_win.cc, line 332
[Child 29400, Chrome_ChildThread] WARNING: pipe error: 109: file z:/build/build/src/ipc/chromium/src/chrome/common/ipc_channel_win.cc, line 332
[Child 29400, Chrome_ChildThr[GPU 27500
###!!! [Child][RunMessage] Error: Channel closing: too late to send/recv, messages will be lost


###!!! [Child][MessageChannel::SendAndWait] Error: Channel error: cannot send/recv

1556857832024	mozrunner::runner	INFO	Running command: "C:\\Program Files\\Mozilla Firefox\\firefox.exe" "-marionette" "-foreground" "-no-remote" "-profile" "C:\\Users\\storm\\AppData\\Local\\Temp\\rust_mozprofile.Wxpk3vFagOtr"
1556857832469	addons.webextension.screenshots@mozilla.org	WARN	Loading extension 'screenshots@mozilla.org': Reading manifest: Invalid extension permission: mozillaAddons
1556857832469	addons.webextension.screenshots@mozilla.org	WARN	Loading extension 'screenshots@mozilla.org': Reading manifest: Invalid extension permission: resource://pdf.js/
1556857832469	addons.webextension.screenshots@mozilla.org	WARN	Loading extension 'screenshots@mozilla.org': Reading manifest: Invalid extension permission: about:reader*
1556857833561	Marionette	INFO	Listening on port 51842
1556857833656	Marionette	WARN	TLS certificate errors will be ignored for this session
[Parent 28660, Gecko_IOThread] WARNING: pipe error: 109: file z:/build/build/src/ipc/chromium/src/chrome/common/ipc_channel_win.cc, line 332
[Parent 28660, Gecko_IOThread] WARNING: pipe error: 109: file z:/build/build/src/ipc/chromium/src/chrome/common/ipc_channel_win.cc, line 332
[Child 16560, Chrome_ChildThread] WARNING: pipe error: 109: file z:/build/build/src/ipc/chromium/src/chrome/common/ipc_channel_win.cc, line 332
[Child 16560, Chrome_ChildThread] WARNING: p[Child 4428, Chrome_ChildThread] WARNING: pipe error: 109: file z:/build/build/src/ipc/chromium/src/chrome/common/ipc_channel_win.cc, line 332
[Child 4428, Chrome_1556857870073	Marionette	INFO	Stopped listening on port 51842
[GPU 28832,
###!!! [Child][RunMessage] Error: Channel closing: too late to send/recv, messages will be lost

 Chro
###!!! [Child][MessageChannel::SendAndWait] Error: Channel error: caconsole.error: BroadcastService: 
  receivedBroadcastMessage: handler for
  remote-settings/monitor_changes
  threw error:
  Message: Error: Polling for changes failed: NetworkError when attempting to fetch resource..
  Stack:
    remoteSettingsFunction/remoteSettings.pollChanges@resource://services-settings/remote-settings.js:190:13

[Parent 28240, Gecko_IOThread] WARNING: pipe error: 109: file z:/build/build/src/ipc/chromium/src/chrome/common/ipc_channel_win.cc, line 332
[Parent 28240, Gecko_IOThread] WARNING: pipe error: 109: file z:/build/build/src/ipc/chromium/src/chrome/common/ipc_channel_win.cc, line 332
[Child 29668, Chrome_ChildThread] WARNING: pipe error: 109: file z:/build/build/src/ipc/chromium/src/chrome/common/ipc_channel_win.cc, line[ 332
Child 312, Chrome_Chi[ldThread] WARNING: pipe error: 109: file z:/build/build/src/ipc/chromium/src/chrome/common/ipc_channel_win.cc, line 332
[Child 312, Chrome_[Parent 28240, Gecko_IOThread] WARNING: pipe error: 109: file z:/build/build/src/ipc/chromium/src/chrome/common/ipc_channel_win.cc, line 332
[Chil1556858199702	Marionette	INFO	Stopped listening on port 51985
[
###!!! [Child][MessageChannel::SendAndWait] Error: Channel error: cannot send/recv

ole.error: BroadcastService: 
  receivedBroadcastMessage: handler for
  remote-settings/monitor_changes
  threw error:
  Message: Error: Polling for changes failed: NetworkError when attempting to fetch resource..
  Stack:
    remoteSettingsFunction/remoteSettings.pollChanges@resource://services-settings/remote-settings.js:190:13

[Parent 17768, Gecko_IOThread] WARNING: pipe error: 109: file z:/build/build/src/ipc/chromium/src/chrome/common/ipc_channel_win.cc, line 332
[Parent 17768, Gecko_IOThread] WARNING: pipe error: 109: file z:/build/build/src/ipc/chromium/src/chrome/common/ipc_channel_win.cc, line 332
[Child 3968, Chrome_ChildThread] WARNING: pipe error: 109: file z:/build/build/src/ipc/chromium/src/chrome/common/ipc_channel_win.cc, line 332
[Child 3968, Chrome_Chi[Child 6580, Chrome_ChildThread] WARNING: pipe error: 109: file z:/build/build/src/ipc/chromium/src/chrome/common/ipc_channel_win.cc, line 332
[Child 6580, Chrom1556858198469	Marionette	INFO	Stopped listening on port 52331

###!!! [Child][RunMessage] Error: Channel closing: too late to send/recv, messages will be lost

[G
###!!! [Child][MessageChannel::SendAndWait] Error: Channel error: cannot send/recv

d for this session
[Child [Child 29468, Chrome_ChildThread] WARNING: pipe error: 109: file z:/build/build/src/ipc/chromium/src/chrome/common/ipc_channel_win.cc, line 332
[Child 29468, Chrome_Ch1556858291275	Marionette	INFO	Stopped listening on port 52565
[GPU 14492, 
###!!! [Child][RunMessage] Error: Channel closing: too late to send/recv, messages will be lost


###!!! [Child][MessageChannel::SendAndWait] Error: Channel error: cannot send/recv

hots@mozilla.org	WARN	Loading extension 'screenshots@mozilla.org': Reading manifest: Invalid extension permission: resource://pdf.js/
1556858289582	addons.webextension.screenshots@mozilla.org	WARN	Loading extension 'screenshots@mozilla.org': Reading manifest: Invalid extension permission: about:reader*
1556858290832	Marionette	INFO	Listening on port 52767
1556858291249	Marionette	WARN	TLS certificate errors will be ignored for this session
JavaScript warning: https://www.fivestargulfrentals.com/wp-content/plugins/streamline-core-random/assets/masterslider/masterslider.min.js?ver=5.1.1, line 10: Using //@ to indicate sourceMappingURL pragmas is deprecated. Use //# instead
JavaScript error: https://real.vision/sugar-shack, line 47: ReferenceError: riveted is not defined
JavaScript error: https://real.vision/bundle/js/post-tour?v=mMVINcaVZ_4Q5mrGr9whlq6V6mGmQedHjmpL7LOzbnI1, line 1: SyntaxError: JSON.parse: unexpected character at line 1 column 1 of the JSON data
console.error: BroadcastService: 
  receivedBroadcastMessage: handler for
  remote-settings/monitor_changes
  threw error:
  Message: Error: Polling for changes failed: NetworkError when attempting to fetch resource..
  Stack:
    remoteSettingsFunction/remoteSettings.pollChanges@resource://services-settings/remote-settings.js:190:13

[Parent 30004, Gecko_IOThread] WARNING: pipe error: 109: file z:/build/build/src/ipc/chromium/src/chrome/common/ipc_channel_win.cc, line 332
[Child 31412, Chrome_ChildThread] WARNING: pipe error: 109: file z:/build/build/src/ipc/chromium/src/chrome/common/ipc_channel_win.cc, line 332
[Child 31412, Chrome_ChildThread[Child 28472, Chrome_ChildThread] WARNING: pipe error: 109: file z:/build/build/src/ipc/chromium/src/chrome/common/ipc_channel_win.cc, line 332
[Child 28472, Chrome_Chi[Child 29712, Chrome_ChildThread] WARNING: pipe error: 109: file z:/build/build/src/ipc/chromium/src/chrome/common/ipc_channel_win.cc, line 332
[Child 29712, Ch1556858758134	Marionette	INFO	Stopped listening on port 52767

###!!! [Child][RunMessage] Error: Channel closing: too late to send/recv, messages will be lost

[GPU 2
###!!! [Child][MessageChannel::SendAndWait] Error: Channel error: cannot send/recv

https://www.fivestargulfrentals.com/wp-content/plugins/streamline-core-random/assets/masterslider/masterslider.min.js?ver=5.1.1, line 10: Using //@ to indicate sourceMappingURL pragmas is deprecated. Use //# instead
JavaScript error: https://real.vision/bahama-mama, line 47: ReferenceError: riveted is not defined
console.error: BroadcastService: 
  receivedBroadcastMessage: handler for
  remote-settings/monitor_changes
  threw error:
  Message: Error: Polling for changes failed: NetworkError when attempting to fetch resource..
  Stack:
    remoteSettingsFunction/remoteSettings.pollChanges@resource://services-settings/remote-settings.js:190:13

JavaScript error: https://real.vision/bundle/js/post-tour?v=mMVINcaVZ_4Q5mrGr9whlq6V6mGmQedHjmpL7LOzbnI1, line 1: SyntaxError: JSON.parse: unexpected character at line 1 column 1 of the JSON data
[Parent 29796, Gecko_IOThread] WARNING: pipe error: 109: file z:/build/build/src/ipc/chromium/src/chrome/common/ipc_channel_win.cc, line 332
[Parent 29796, Gecko_IOThread] WARNING: pipe error: 109: file z:/build/build/src/ipc/chromium/src/chrome/common/ipc_channel_win.cc, line 332
[Child 22264, Chrome_ChildThread] WARNING: pipe error: 109: file z:/build/build/src/ipc/chromium/src/chrome/common/ipc_channel_win.cc, line 332
[Child 22264, Chrome_ChildThread] WAR[Parent 29796, Gecko_IOThread] WARNING: pipe error: 109: file z:/build/build/src/ipc/chromium/src/chrome/common/ipc_channel_win.cc, line 332
[Child 29540, Chrome_ChildThread] WARNING: pipe error: 109: file z:/build/build/src/ipc/chromium/src/chrome/common/ipc_channel_win.cc, line 332
[Child 29540, Chrome_ChildThread] WARNING: pipe error: 109: file z:/build/build/src/ipc/chromium/src/chrome/common/ipc_channel_win.cc,JavaScript warning: https://www.fivestargulfrentals.com/wp-content/plugins/streamline-core-random/assets/masterslider/masterslider.min.js?ver=5.1.1, line 10: Using //@ to indicate sourceMappingURL pragmas is deprecated. Use //# instead
JavaScript error: https://real.vision/426-beach-front-trail, line 47: ReferenceError: riveted is not defined
console.error: BroadcastService: 
  receivedBroadcastMessage: handler for
  remote-settings/monitor_changes
  threw error:
  Message: Error: Polling for changes failed: NetworkError when attempting to fetch resource..
  Stack:
    remoteSettingsFunction/remoteSettings.pollChanges@resource://services-settings/remote-settings.js:190:13

1556858828450	mozrunner::runner	INFO	Running command: "C:\\Program Files\\Mozilla Firefox\\firefox.exe" "-marionette" "-foreground" "-no-remote" "-profile" "C:\\Users\\storm\\AppData\\Local\\Temp\\rust_mozprofile.4oVE0xmxL2Ph"
1556858828928	addons.webextension.screenshots@mozilla.org	WARN	Loading extension 'screenshots@mozilla.org': Reading manifest: Invalid extension permission: mozillaAddons
1556858828928	addons.webextension.screenshots@mozilla.org	WARN	Loading extension 'screenshots@mozilla.org': Reading manifest: Invalid extension permission: resource://pdf.js/
1556858828928	addons.webextension.screenshots@mozilla.org	WARN	Loading extension 'screenshots@mozilla.org': Reading manifest: Invalid extension permission: about:reader*
1556858830108	Marionette	INFO	Listening on port 53894
1556858830569	Marionette	WARN	TLS certificate errors will be ignored for this session
JavaScript warning: https://www.fivestargulfrentals.com/wp-content/plugins/streamline-core-random/assets/masterslider/masterslider.min.js?ver=5.1.1, line 10: Using //@ to indicate sourceMappingURL pragmas is deprecated. Use //# instead
JavaScript error: https://real.vision/looking-glass, line 47: ReferenceError: riveted is not defined
JavaScript warning: https://www.fivestargulfrentals.com/wp-content/plugins/streamline-core-random/assets/masterslider/masterslider.min.js?ver=5.1.1, line 10: Using //@ to indicate sourceMappingURL pragmas is deprecated. Use //# instead
JavaScript error: https://real.vision/sandy-dunes, line 47: ReferenceError: riveted is not defined
JavaScript error: https://real.vision/bundle/js/post-tour?v=mMVINcaVZ_4Q5mrGr9whlq6V6mGmQedHjmpL7LOzbnI1, line 1: SyntaxError: JSON.parse: unexpected character at line 1 column 1 of the JSON data
console.error: BroadcastService: 
  receivedBroadcastMessage: handler for
  remote-settings/monitor_changes
  threw error:
  Message: Error: Polling for changes failed: NetworkError when attempting to fetch resource..
  Stack:
    remoteSettingsFunction/remoteSettings.pollChanges@resource://services-settings/remote-settings.js:190:13

JavaScript warning: https://www.fivestargulfrentals.com/wp-content/plugins/streamline-core-random/assets/masterslider/masterslider.min.js?ver=5.1.1, line 10: Using //@ to indicate sourceMappingURL pragmas is deprecated. Use //# instead
JavaScript error: https://real.vision/the-pelagic-blue, line 47: ReferenceError: riveted is not defined
JavaScript warning: https://www.fivestargulfrentals.com/wp-content/plugins/streamline-core-random/assets/masterslider/masterslider.min.js?ver=5.1.1, line 10: Using //@ to indicate sourceMappingURL pragmas is deprecated. Use //# instead
JavaScript error: https://real.vision/sol-dorado, line 47: ReferenceError: riveted is not defined
JavaScript error: https://real.vision/crystal-shores, line 47: ReferenceError: riveted is not defined
JavaScript error: https://real.vision/4639-destiny-way, line 47: ReferenceError: riveted is not defined
JavaScript error: https://real.vision/costa-del-mar, line 47: ReferenceError: riveted is not defined
JavaScript error: https://real.vision/crystal-shores, line 47: ReferenceError: riveted is not defined
JavaScript error: https://real.vision/casa-de-palms, line 47: ReferenceError: riveted is not defined
1556859123392	Marionette	WARN	TimedPromise timed out after 500 ms: stacktrace:
bail@chrome://marionette/content/sync.js:224:64
1556859153289	Marionette	WARN	TimedPromise timed out after 500 ms: stacktrace:
bail@chrome://marionette/content/sync.js:224:64
JavaScript error: https://real.vision/bella-destina, line 47: ReferenceError: riveted is not defined
1556859180552	Marionette	WARN	TimedPromise timed out after 500 ms: stacktrace:
bail@chrome://marionette/content/sync.js:224:64
JavaScript error: https://real.vision/its-about-time, line 47: ReferenceError: riveted is not defined
1556859219087	Marionette	WARN	TimedPromise timed out after 500 ms: stacktrace:
bail@chrome://marionette/content/sync.js:224:64
JavaScript error: https://real.vision/le-bon-vivant, line 47: ReferenceError: riveted is not defined
JavaScript error: https://real.vision/bundle/js/post-tour?v=mMVINcaVZ_4Q5mrGr9whlq6V6mGmQedHjmpL7LOzbnI1, line 1: SyntaxError: JSON.parse: unexpected character at line 1 column 1 of the JSON data
[Parent 30896, Gecko_IOThread] WARNING: pipe error: 109: file z:/build/build/src/ipc/chromium/src/chrome/common/ipc_channel_win.cc, line 332
[Child 17164, Chrome_ChildThread] WARNING: pipe error: 109: file z:/build/build/src/ipc/chromium/src/chrome/common/ipc_channel_win.cc, line 332
[Child 17164, Chrome_ChildThread] WARNING: pipe error: 109: file z:/build/bu1556859530202	Marionette	INFO	Stopped listening on port 53894

###!!! [Child][RunMessage] Error: Channel closing: too late to send/recv, messages will be lost

[GPU 31184,
###!!! [Child][MessageChannel::SendAndWait] Error: Channel error: cannot send/recv

a.org	WARN	Loading extension 'screenshots@mozilla.org': Reading manifest: Invalid extension permission: about:reader*
1556859495376	Marionette	INFO	Listening on port 55249
1556859495392	Marionette	WARN	TLS certificate errors will be ignored for this session
1556859528290	mozrunner::runner	INFO	Running command: "C:\\Program Files\\Mozilla Firefox\\firefox.exe" "-marionette" "-foreground" "-no-remote" "-profile" "C:\\Users\\storm\\AppData\\Local\\Temp\\rust_mozprofile.4EWJWmSGmTxI"
1556859528922	addons.webextension.screenshots@mozilla.org	WARN	Loading extension 'screenshots@mozilla.org': Reading manifest: Invalid extension permission: mozillaAddons
1556859528922	addons.webextension.screenshots@mozilla.org	WARN	Loading extension 'screenshots@mozilla.org': Reading manifest: Invalid extension permission: resource://pdf.js/
1556859528922	addons.webextension.screenshots@mozilla.org	WARN	Loading extension 'screenshots@mozilla.org': Reading manifest: Invalid extension permission: about:reader*
1556859529973	Marionette	INFO	Listening on port 55386
1556859530406	Marionette	WARN	TLS certificate errors will be ignored for this session
JavaScript warning: https://www.fivestargulfrentals.com/wp-content/plugins/streamline-core-random/assets/masterslider/masterslider.min.js?ver=5.1.1, line 10: Using //@ to indicate sourceMappingURL pragmas is deprecated. Use //# instead
JavaScript error: https://real.vision/5341-w-co-highway-30a, line 47: ReferenceError: riveted is not defined
JavaScript error: https://real.vision/5341-w-co-highway-30a, line 127: ReferenceError: mapboxgl is not defined
JavaScript error: https://widget.trustpilot.com/trustboxes/5763bccae0a06d08e809ecbb/sentry.js, line 1: ReferenceError: Sentry is not defined
JavaScript error: https://widget.trustpilot.com/trustboxes/5763bccae0a06d08e809ecbb/sentry.js, line 1: ReferenceError: Sentry is not defined
console.error: BroadcastService: 
  receivedBroadcastMessage: handler for
  remote-settings/monitor_changes
  threw error:
  Message: Error: Polling for changes failed: NetworkError when attempting to fetch resource..
  Stack:
    remoteSettingsFunction/remoteSettings.pollChanges@resource://services-settings/remote-settings.js:190:13

JavaScript warning: https://www.fivestargulfrentals.com/wp-content/plugins/streamline-core-random/assets/masterslider/masterslider.min.js?ver=5.1.1, line 10: Using //@ to indicate sourceMappingURL pragmas is deprecated. Use //# instead
JavaScript error: https://real.vision/unit--1002, line 47: ReferenceError: riveted is not defined
JavaScript warning: https://www.fivestargulfrentals.com/wp-content/plugins/streamline-core-random/assets/masterslider/masterslider.min.js?ver=5.1.1, line 10: Using //@ to indicate sourceMappingURL pragmas is deprecated. Use //# instead
JavaScript error: https://real.vision/stranded-on-a-sandbar, line 47: ReferenceError: riveted is not defined
JavaScript error: https://real.vision/bundle/js/post-tour?v=mMVINcaVZ_4Q5mrGr9whlq6V6mGmQedHjmpL7LOzbnI1, line 1: SyntaxError: JSON.parse: unexpected character at line 1 column 1 of the JSON data
JavaScript warning: https://www.fivestargulfrentals.com/wp-content/plugins/streamline-core-random/assets/masterslider/masterslider.min.js?ver=5.1.1, line 10: Using //@ to indicate sourceMappingURL pragmas is deprecated. Use //# instead
JavaScript error: https://real.vision/las-olas, line 47: ReferenceError: riveted is not defined
JavaScript error: https://real.vision/bundle/js/post-tour?v=mMVINcaVZ_4Q5mrGr9whlq6V6mGmQedHjmpL7LOzbnI1, line 1: SyntaxError: JSON.parse: unexpected character at line 1 column 1 of the JSON data
[Child 8388, Chrome_ChildThread] WARNING: pipe error: 109: file z:/build/build/src/ipc/chromium/src/chrome/common/ipc_channel_win.cc, line 332
[Child 8388, Chrome_ChildThread] WARNING: pipe error: 109: file z:/build/b[Child 19120, Chrome_ChildThread] WARNING: pipe err[Child 14196, Chrome_ChildThread] WARNING: pipe error: 109: file z:/build/build/src/ipc/chromium/src/chrome/common/ipc_channel_win.cc, line 332
[Child 14196, Chrome_ChildThread] WARNING: pipe error: 109: file z:/build/build/src/ipc/ch1556861164040	Marionette	INFO	Stopped listening on port 55386

###!!! [Child][RunMessage] Error: Channel closing: too late to send/recv, messages will be lost

[GPU 31220, Chro
###!!! [Child][MessageChannel::SendAndWait] Error: Channel error: cannot send/recv

FO	Listening on port 55832
1556859697100	Marionette	WARN	TLS certificate errors will be ignored for this session
JavaScript error: https://maps.googleapis.com/maps/api/js?key=AIzaSyCZwFI5w-jNB3a4WzA-iehVmMrCy1BfdPU&ver=5.1.1, line 73: Error: Could not load "overlay".
JavaScript error: https://maps.googleapis.com/maps/api/js?key=AIzaSyCZwFI5w-jNB3a4WzA-iehVmMrCy1BfdPU&ver=5.1.1, line 73: Error: Could not load "overlay".
JavaScript error: https://maps.googleapis.com/maps/api/js?key=AIzaSyCZwFI5w-jNB3a4WzA-iehVmMrCy1BfdPU&ver=5.1.1, line 73: Error: Could not load "overlay".
JavaScript error: https://maps.googleapis.com/maps/api/js?key=AIzaSyCZwFI5w-jNB3a4WzA-iehVmMrCy1BfdPU&ver=5.1.1, line 73: Error: Could not load "overlay".
JavaScript error: https://maps.googleapis.com/maps/api/js?key=AIzaSyCZwFI5w-jNB3a4WzA-iehVmMrCy1BfdPU&ver=5.1.1, line 73: Error: Could not load "overlay".
JavaScript error: https://maps.googleapis.com/maps/api/js?key=AIzaSyCZwFI5w-jNB3a4WzA-iehVmMrCy1BfdPU&ver=5.1.1, line 73: Error: Could not load "overlay".
JavaScript error: https://maps.googleapis.com/maps/api/js?key=AIzaSyCZwFI5w-jNB3a4WzA-iehVmMrCy1BfdPU&ver=5.1.1, line 73: Error: Could not load "overlay".
JavaScript error: https://maps.googleapis.com/maps/api/js?key=AIzaSyCZwFI5w-jNB3a4WzA-iehVmMrCy1BfdPU&ver=5.1.1, line 73: Error: Could not load "overlay".
JavaScript error: https://maps.googleapis.com/maps/api/js?key=AIzaSyCZwFI5w-jNB3a4WzA-iehVmMrCy1BfdPU&ver=5.1.1, line 73: Error: Could not load "overlay".
JavaScript error: https://maps.googleapis.com/maps/api/js?key=AIzaSyCZwFI5w-jNB3a4WzA-iehVmMrCy1BfdPU&ver=5.1.1, line 73: Error: Could not load "overlay".
JavaScript error: https://maps.googleapis.com/maps/api/js?key=AIzaSyCZwFI5w-jNB3a4WzA-iehVmMrCy1BfdPU&ver=5.1.1, line 73: Error: Could not load "overlay".
JavaScript error: https://maps.googleapis.com/maps/api/js?key=AIzaSyCZwFI5w-jNB3a4WzA-iehVmMrCy1BfdPU&ver=5.1.1, line 73: Error: Could not load "overlay".
JavaScript error: https://maps.googleapis.com/maps/api/js?key=AIzaSyCZwFI5w-jNB3a4WzA-iehVmMrCy1BfdPU&ver=5.1.1, line 73: Error: Could not load "overlay".
JavaScript error: https://maps.googleapis.com/maps/api/js?key=AIzaSyCZwFI5w-jNB3a4WzA-iehVmMrCy1BfdPU&ver=5.1.1, line 73: Error: Could not load "overlay".
JavaScript error: https://maps.googleapis.com/maps/api/js?key=AIzaSyCZwFI5w-jNB3a4WzA-iehVmMrCy1BfdPU&ver=5.1.1, line 73: Error: Could not load "overlay".
JavaScript error: https://maps.googleapis.com/maps/api/js?key=AIzaSyCZwFI5w-jNB3a4WzA-iehVmMrCy1BfdPU&ver=5.1.1, line 73: Error: Could not load "overlay".
JavaScript error: https://maps.googleapis.com/maps/api/js?key=AIzaSyCZwFI5w-jNB3a4WzA-iehVmMrCy1BfdPU&ver=5.1.1, line 73: Error: Could not load "overlay".
JavaScript error: https://maps.googleapis.com/maps/api/js?key=AIzaSyCZwFI5w-jNB3a4WzA-iehVmMrCy1BfdPU&ver=5.1.1, line 73: Error: Could not load "overlay".
JavaScript error: https://maps.googleapis.com/maps/api/js?key=AIzaSyCZwFI5w-jNB3a4WzA-iehVmMrCy1BfdPU&ver=5.1.1, line 73: Error: Could not load "infowindow".
JavaScript error: https://maps.googleapis.com/maps/api/js?key=AIzaSyCZwFI5w-jNB3a4WzA-iehVmMrCy1BfdPU&ver=5.1.1, line 73: Error: Could not load "infowindow".
JavaScript error: https://maps.googleapis.com/maps/api/js?key=AIzaSyCZwFI5w-jNB3a4WzA-iehVmMrCy1BfdPU&ver=5.1.1, line 73: Error: Could not load "infowindow".
JavaScript error: https://maps.googleapis.com/maps/api/js?key=AIzaSyCZwFI5w-jNB3a4WzA-iehVmMrCy1BfdPU&ver=5.1.1, line 73: Error: Could not load "infowindow".
JavaScript error: https://maps.googleapis.com/maps/api/js?key=AIzaSyCZwFI5w-jNB3a4WzA-iehVmMrCy1BfdPU&ver=5.1.1, line 73: Error: Could not load "infowindow".
JavaScript error: https://maps.googleapis.com/maps/api/js?key=AIzaSyCZwFI5w-jNB3a4WzA-iehVmMrCy1BfdPU&ver=5.1.1, line 73: Error: Could not load "infowindow".
JavaScript error: https://maps.googleapis.com/maps/api/js?key=AIzaSyCZwFI5w-jNB3a4WzA-iehVmMrCy1BfdPU&ver=5.1.1, line 73: Error: Could not load "infowindow".
JavaScript error: https://maps.googleapis.com/maps/api/js?key=AIzaSyCZwFI5w-jNB3a4WzA-iehVmMrCy1BfdPU&ver=5.1.1, line 73: Error: Could not load "infowindow".
JavaScript error: https://maps.googleapis.com/maps/api/js?key=AIzaSyCZwFI5w-jNB3a4WzA-iehVmMrCy1BfdPU&ver=5.1.1, line 73: Error: Could not load "infowindow".
JavaScript error: https://maps.googleapis.com/maps/api/js?key=AIzaSyCZwFI5w-jNB3a4WzA-iehVmMrCy1BfdPU&ver=5.1.1, line 73: Error: Could not load "infowindow".
JavaScript error: https://maps.googleapis.com/maps/api/js?key=AIzaSyCZwFI5w-jNB3a4WzA-iehVmMrCy1BfdPU&ver=5.1.1, line 73: Error: Could not load "infowindow".
JavaScript error: https://maps.googleapis.com/maps/api/js?key=AIzaSyCZwFI5w-jNB3a4WzA-iehVmMrCy1BfdPU&ver=5.1.1, line 73: Error: Could not load "infowindow".
JavaScript error: https://maps.googleapis.com/maps/api/js?key=AIzaSyCZwFI5w-jNB3a4WzA-iehVmMrCy1BfdPU&ver=5.1.1, line 73: Error: Could not load "infowindow".
JavaScript error: https://maps.googleapis.com/maps/api/js?key=AIzaSyCZwFI5w-jNB3a4WzA-iehVmMrCy1BfdPU&ver=5.1.1, line 73: Error: Could not load "infowindow".
JavaScript error: https://maps.googleapis.com/maps/api/js?key=AIzaSyCZwFI5w-jNB3a4WzA-iehVmMrCy1BfdPU&ver=5.1.1, line 73: Error: Could not load "infowindow".
JavaScript error: https://maps.googleapis.com/maps/api/js?key=AIzaSyCZwFI5w-jNB3a4WzA-iehVmMrCy1BfdPU&ver=5.1.1, line 73: Error: Could not load "infowindow".
JavaScript error: https://maps.googleapis.com/maps/api/js?key=AIzaSyCZwFI5w-jNB3a4WzA-iehVmMrCy1BfdPU&ver=5.1.1, line 73: Error: Could not load "infowindow".
JavaScript error: https://maps.googleapis.com/maps/api/js?key=AIzaSyCZwFI5w-jNB3a4WzA-iehVmMrCy1BfdPU&ver=5.1.1, line 73: Error: Could not load "infowindow".
JavaScript warning: https://www.fivestargulfrentals.com/wp-content/plugins/streamline-core-random/assets/masterslider/masterslider.min.js?ver=5.1.1, line 10: Using //@ to indicate sourceMappingURL pragmas is deprecated. Use //# instead
JavaScript error: https://real.vision/villa-capri, line 47: ReferenceError: riveted is not defined
JavaScript error: https://real.vision/bundle/js/post-tour?v=mMVINcaVZ_4Q5mrGr9whlq6V6mGmQedHjmpL7LOzbnI1, line 1: SyntaxError: JSON.parse: unexpected character at line 1 column 1 of the JSON data
JavaScript error: https://maps.googleapis.com/maps/api/js?key=AIzaSyCZwFI5w-jNB3a4WzA-iehVmMrCy1BfdPU&ver=5.1.1, line 73: Error: Could not load "overlay".
JavaScript error: https://maps.googleapis.com/maps/api/js?key=AIzaSyCZwFI5w-jNB3a4WzA-iehVmMrCy1BfdPU&ver=5.1.1, line 73: Error: Could not load "overlay".
JavaScript error: https://maps.googleapis.com/maps/api/js?key=AIzaSyCZwFI5w-jNB3a4WzA-iehVmMrCy1BfdPU&ver=5.1.1, line 73: Error: Could not load "overlay".
JavaScript error: https://maps.googleapis.com/maps/api/js?key=AIzaSyCZwFI5w-jNB3a4WzA-iehVmMrCy1BfdPU&ver=5.1.1, line 73: Error: Could not load "overlay".
JavaScript error: https://maps.googleapis.com/maps/api/js?key=AIzaSyCZwFI5w-jNB3a4WzA-iehVmMrCy1BfdPU&ver=5.1.1, line 73: Error: Could not load "overlay".
JavaScript error: https://maps.googleapis.com/maps/api/js?key=AIzaSyCZwFI5w-jNB3a4WzA-iehVmMrCy1BfdPU&ver=5.1.1, line 73: Error: Could not load "overlay".
JavaScript error: https://maps.googleapis.com/maps/api/js?key=AIzaSyCZwFI5w-jNB3a4WzA-iehVmMrCy1BfdPU&ver=5.1.1, line 73: Error: Could not load "overlay".
JavaScript error: https://maps.googleapis.com/maps/api/js?key=AIzaSyCZwFI5w-jNB3a4WzA-iehVmMrCy1BfdPU&ver=5.1.1, line 73: Error: Could not load "overlay".
JavaScript error: https://maps.googleapis.com/maps/api/js?key=AIzaSyCZwFI5w-jNB3a4WzA-iehVmMrCy1BfdPU&ver=5.1.1, line 73: Error: Could not load "overlay".
JavaScript error: https://maps.googleapis.com/maps/api/js?key=AIzaSyCZwFI5w-jNB3a4WzA-iehVmMrCy1BfdPU&ver=5.1.1, line 73: Error: Could not load "overlay".
JavaScript error: https://maps.googleapis.com/maps/api/js?key=AIzaSyCZwFI5w-jNB3a4WzA-iehVmMrCy1BfdPU&ver=5.1.1, line 73: Error: Could not load "overlay".
JavaScript error: https://maps.googleapis.com/maps/api/js?key=AIzaSyCZwFI5w-jNB3a4WzA-iehVmMrCy1BfdPU&ver=5.1.1, line 73: Error: Could not load "overlay".
JavaScript error: https://maps.googleapis.com/maps/api/js?key=AIzaSyCZwFI5w-jNB3a4WzA-iehVmMrCy1BfdPU&ver=5.1.1, line 73: Error: Could not load "overlay".
JavaScript error: https://maps.googleapis.com/maps/api/js?key=AIzaSyCZwFI5w-jNB3a4WzA-iehVmMrCy1BfdPU&ver=5.1.1, line 73: Error: Could not load "overlay".
JavaScript error: https://maps.googleapis.com/maps/api/js?key=AIzaSyCZwFI5w-jNB3a4WzA-iehVmMrCy1BfdPU&ver=5.1.1, line 73: Error: Could not load "overlay".
JavaScript error: https://maps.googleapis.com/maps/api/js?key=AIzaSyCZwFI5w-jNB3a4WzA-iehVmMrCy1BfdPU&ver=5.1.1, line 73: Error: Could not load "overlay".
JavaScript error: https://maps.googleapis.com/maps/api/js?key=AIzaSyCZwFI5w-jNB3a4WzA-iehVmMrCy1BfdPU&ver=5.1.1, line 73: Error: Could not load "overlay".
JavaScript error: https://maps.googleapis.com/maps/api/js?key=AIzaSyCZwFI5w-jNB3a4WzA-iehVmMrCy1BfdPU&ver=5.1.1, line 73: Error: Could not load "overlay".
JavaScript error: https://maps.googleapis.com/maps/api/js?key=AIzaSyCZwFI5w-jNB3a4WzA-iehVmMrCy1BfdPU&ver=5.1.1, line 73: Error: Could not load "infowindow".
JavaScript error: https://maps.googleapis.com/maps/api/js?key=AIzaSyCZwFI5w-jNB3a4WzA-iehVmMrCy1BfdPU&ver=5.1.1, line 73: Error: Could not load "infowindow".
JavaScript error: https://maps.googleapis.com/maps/api/js?key=AIzaSyCZwFI5w-jNB3a4WzA-iehVmMrCy1BfdPU&ver=5.1.1, line 73: Error: Could not load "infowindow".
JavaScript error: https://maps.googleapis.com/maps/api/js?key=AIzaSyCZwFI5w-jNB3a4WzA-iehVmMrCy1BfdPU&ver=5.1.1, line 73: Error: Could not load "infowindow".
JavaScript error: https://maps.googleapis.com/maps/api/js?key=AIzaSyCZwFI5w-jNB3a4WzA-iehVmMrCy1BfdPU&ver=5.1.1, line 73: Error: Could not load "infowindow".
JavaScript error: https://maps.googleapis.com/maps/api/js?key=AIzaSyCZwFI5w-jNB3a4WzA-iehVmMrCy1BfdPU&ver=5.1.1, line 73: Error: Could not load "infowindow".
JavaScript error: https://maps.googleapis.com/maps/api/js?key=AIzaSyCZwFI5w-jNB3a4WzA-iehVmMrCy1BfdPU&ver=5.1.1, line 73: Error: Could not load "infowindow".
JavaScript error: https://maps.googleapis.com/maps/api/js?key=AIzaSyCZwFI5w-jNB3a4WzA-iehVmMrCy1BfdPU&ver=5.1.1, line 73: Error: Could not load "infowindow".
JavaScript error: https://maps.googleapis.com/maps/api/js?key=AIzaSyCZwFI5w-jNB3a4WzA-iehVmMrCy1BfdPU&ver=5.1.1, line 73: Error: Could not load "infowindow".
JavaScript error: https://maps.googleapis.com/maps/api/js?key=AIzaSyCZwFI5w-jNB3a4WzA-iehVmMrCy1BfdPU&ver=5.1.1, line 73: Error: Could not load "infowindow".
JavaScript error: https://maps.googleapis.com/maps/api/js?key=AIzaSyCZwFI5w-jNB3a4WzA-iehVmMrCy1BfdPU&ver=5.1.1, line 73: Error: Could not load "infowindow".
JavaScript error: https://maps.googleapis.com/maps/api/js?key=AIzaSyCZwFI5w-jNB3a4WzA-iehVmMrCy1BfdPU&ver=5.1.1, line 73: Error: Could not load "infowindow".
JavaScript error: https://maps.googleapis.com/maps/api/js?key=AIzaSyCZwFI5w-jNB3a4WzA-iehVmMrCy1BfdPU&ver=5.1.1, line 73: Error: Could not load "infowindow".
JavaScript error: https://maps.googleapis.com/maps/api/js?key=AIzaSyCZwFI5w-jNB3a4WzA-iehVmMrCy1BfdPU&ver=5.1.1, line 73: Error: Could not load "infowindow".
JavaScript error: https://maps.googleapis.com/maps/api/js?key=AIzaSyCZwFI5w-jNB3a4WzA-iehVmMrCy1BfdPU&ver=5.1.1, line 73: Error: Could not load "infowindow".
JavaScript error: https://maps.googleapis.com/maps/api/js?key=AIzaSyCZwFI5w-jNB3a4WzA-iehVmMrCy1BfdPU&ver=5.1.1, line 73: Error: Could not load "infowindow".
JavaScript error: https://maps.googleapis.com/maps/api/js?key=AIzaSyCZwFI5w-jNB3a4WzA-iehVmMrCy1BfdPU&ver=5.1.1, line 73: Error: Could not load "infowindow".
JavaScript error: https://maps.googleapis.com/maps/api/js?key=AIzaSyCZwFI5w-jNB3a4WzA-iehVmMrCy1BfdPU&ver=5.1.1, line 73: Error: Could not load "infowindow".
JavaScript warning: https://www.fivestargulfrentals.com/wp-content/plugins/streamline-core-random/assets/masterslider/masterslider.min.js?ver=5.1.1, line 10: Using //@ to indicate sourceMappingURL pragmas is deprecated. Use //# instead
JavaScript error: https://real.vision/the-life-aquatic, line 47: ReferenceError: riveted is not defined
JavaScript error: https://maps.googleapis.com/maps/api/js?key=AIzaSyCZwFI5w-jNB3a4WzA-iehVmMrCy1BfdPU&ver=5.1.1, line 73: Error: Could not load "infowindow".
JavaScript error: https://maps.googleapis.com/maps/api/js?key=AIzaSyCZwFI5w-jNB3a4WzA-iehVmMrCy1BfdPU&ver=5.1.1, line 73: Error: Could not load "infowindow".
JavaScript error: https://maps.googleapis.com/maps/api/js?key=AIzaSyCZwFI5w-jNB3a4WzA-iehVmMrCy1BfdPU&ver=5.1.1, line 73: Error: Could not load "infowindow".
JavaScript error: https://maps.googleapis.com/maps/api/js?key=AIzaSyCZwFI5w-jNB3a4WzA-iehVmMrCy1BfdPU&ver=5.1.1, line 73: Error: Could not load "infowindow".
JavaScript error: https://maps.googleapis.com/maps/api/js?key=AIzaSyCZwFI5w-jNB3a4WzA-iehVmMrCy1BfdPU&ver=5.1.1, line 73: Error: Could not load "infowindow".
JavaScript error: https://maps.googleapis.com/maps/api/js?key=AIzaSyCZwFI5w-jNB3a4WzA-iehVmMrCy1BfdPU&ver=5.1.1, line 73: Error: Could not load "infowindow".
JavaScript error: https://maps.googleapis.com/maps/api/js?key=AIzaSyCZwFI5w-jNB3a4WzA-iehVmMrCy1BfdPU&ver=5.1.1, line 73: Error: Could not load "infowindow".
JavaScript error: https://maps.googleapis.com/maps/api/js?key=AIzaSyCZwFI5w-jNB3a4WzA-iehVmMrCy1BfdPU&ver=5.1.1, line 73: Error: Could not load "infowindow".
JavaScript error: https://maps.googleapis.com/maps/api/js?key=AIzaSyCZwFI5w-jNB3a4WzA-iehVmMrCy1BfdPU&ver=5.1.1, line 73: Error: Could not load "infowindow".
JavaScript error: https://maps.googleapis.com/maps/api/js?key=AIzaSyCZwFI5w-jNB3a4WzA-iehVmMrCy1BfdPU&ver=5.1.1, line 73: Error: Could not load "infowindow".
JavaScript error: https://maps.googleapis.com/maps/api/js?key=AIzaSyCZwFI5w-jNB3a4WzA-iehVmMrCy1BfdPU&ver=5.1.1, line 73: Error: Could not load "infowindow".
JavaScript error: https://maps.googleapis.com/maps/api/js?key=AIzaSyCZwFI5w-jNB3a4WzA-iehVmMrCy1BfdPU&ver=5.1.1, line 73: Error: Could not load "infowindow".
JavaScript error: https://maps.googleapis.com/maps/api/js?key=AIzaSyCZwFI5w-jNB3a4WzA-iehVmMrCy1BfdPU&ver=5.1.1, line 73: Error: Could not load "infowindow".
JavaScript error: https://maps.googleapis.com/maps/api/js?key=AIzaSyCZwFI5w-jNB3a4WzA-iehVmMrCy1BfdPU&ver=5.1.1, line 73: Error: Could not load "infowindow".
JavaScript error: https://maps.googleapis.com/maps/api/js?key=AIzaSyCZwFI5w-jNB3a4WzA-iehVmMrCy1BfdPU&ver=5.1.1, line 73: Error: Could not load "infowindow".
JavaScript error: https://maps.googleapis.com/maps/api/js?key=AIzaSyCZwFI5w-jNB3a4WzA-iehVmMrCy1BfdPU&ver=5.1.1, line 73: Error: Could not load "infowindow".
JavaScript error: https://maps.googleapis.com/maps/api/js?key=AIzaSyCZwFI5w-jNB3a4WzA-iehVmMrCy1BfdPU&ver=5.1.1, line 73: Error: Could not load "infowindow".
JavaScript error: https://maps.googleapis.com/maps/api/js?key=AIzaSyCZwFI5w-jNB3a4WzA-iehVmMrCy1BfdPU&ver=5.1.1, line 73: Error: Could not load "infowindow".
JavaScript error: https://maps.googleapis.com/maps/api/js?key=AIzaSyCZwFI5w-jNB3a4WzA-iehVmMrCy1BfdPU&ver=5.1.1, line 73: Error: Could not load "overlay".
JavaScript error: https://maps.googleapis.com/maps/api/js?key=AIzaSyCZwFI5w-jNB3a4WzA-iehVmMrCy1BfdPU&ver=5.1.1, line 73: Error: Could not load "overlay".
JavaScript error: https://maps.googleapis.com/maps/api/js?key=AIzaSyCZwFI5w-jNB3a4WzA-iehVmMrCy1BfdPU&ver=5.1.1, line 73: Error: Could not load "overlay".
JavaScript error: https://maps.googleapis.com/maps/api/js?key=AIzaSyCZwFI5w-jNB3a4WzA-iehVmMrCy1BfdPU&ver=5.1.1, line 73: Error: Could not load "overlay".
JavaScript error: https://maps.googleapis.com/maps/api/js?key=AIzaSyCZwFI5w-jNB3a4WzA-iehVmMrCy1BfdPU&ver=5.1.1, line 73: Error: Could not load "overlay".
JavaScript error: https://maps.googleapis.com/maps/api/js?key=AIzaSyCZwFI5w-jNB3a4WzA-iehVmMrCy1BfdPU&ver=5.1.1, line 73: Error: Could not load "overlay".
JavaScript error: https://maps.googleapis.com/maps/api/js?key=AIzaSyCZwFI5w-jNB3a4WzA-iehVmMrCy1BfdPU&ver=5.1.1, line 73: Error: Could not load "overlay".
JavaScript error: https://maps.googleapis.com/maps/api/js?key=AIzaSyCZwFI5w-jNB3a4WzA-iehVmMrCy1BfdPU&ver=5.1.1, line 73: Error: Could not load "overlay".
JavaScript error: https://maps.googleapis.com/maps/api/js?key=AIzaSyCZwFI5w-jNB3a4WzA-iehVmMrCy1BfdPU&ver=5.1.1, line 73: Error: Could not load "overlay".
JavaScript error: https://maps.googleapis.com/maps/api/js?key=AIzaSyCZwFI5w-jNB3a4WzA-iehVmMrCy1BfdPU&ver=5.1.1, line 73: Error: Could not load "overlay".
JavaScript error: https://maps.googleapis.com/maps/api/js?key=AIzaSyCZwFI5w-jNB3a4WzA-iehVmMrCy1BfdPU&ver=5.1.1, line 73: Error: Could not load "overlay".
JavaScript error: https://maps.googleapis.com/maps/api/js?key=AIzaSyCZwFI5w-jNB3a4WzA-iehVmMrCy1BfdPU&ver=5.1.1, line 73: Error: Could not load "overlay".
JavaScript error: https://maps.googleapis.com/maps/api/js?key=AIzaSyCZwFI5w-jNB3a4WzA-iehVmMrCy1BfdPU&ver=5.1.1, line 73: Error: Could not load "overlay".
JavaScript error: https://maps.googleapis.com/maps/api/js?key=AIzaSyCZwFI5w-jNB3a4WzA-iehVmMrCy1BfdPU&ver=5.1.1, line 73: Error: Could not load "overlay".
JavaScript error: https://maps.googleapis.com/maps/api/js?key=AIzaSyCZwFI5w-jNB3a4WzA-iehVmMrCy1BfdPU&ver=5.1.1, line 73: Error: Could not load "overlay".
JavaScript error: https://maps.googleapis.com/maps/api/js?key=AIzaSyCZwFI5w-jNB3a4WzA-iehVmMrCy1BfdPU&ver=5.1.1, line 73: Error: Could not load "overlay".
JavaScript error: https://maps.googleapis.com/maps/api/js?key=AIzaSyCZwFI5w-jNB3a4WzA-iehVmMrCy1BfdPU&ver=5.1.1, line 73: Error: Could not load "overlay".
JavaScript error: https://maps.googleapis.com/maps/api/js?key=AIzaSyCZwFI5w-jNB3a4WzA-iehVmMrCy1BfdPU&ver=5.1.1, line 73: Error: Could not load "overlay".
JavaScript warning: https://www.fivestargulfrentals.com/wp-content/plugins/streamline-core-random/assets/masterslider/masterslider.min.js?ver=5.1.1, line 10: Using //@ to indicate sourceMappingURL pragmas is deprecated. Use //# instead
JavaScript error: https://real.vision/not-the-norm, line 47: ReferenceError: riveted is not defined
JavaScript error: https://maps.googleapis.com/maps/api/js?key=AIzaSyCZwFI5w-jNB3a4WzA-iehVmMrCy1BfdPU&ver=5.1.1, line 73: Error: Could not load "infowindow".
JavaScript error: https://maps.googleapis.com/maps/api/js?key=AIzaSyCZwFI5w-jNB3a4WzA-iehVmMrCy1BfdPU&ver=5.1.1, line 73: Error: Could not load "infowindow".
JavaScript error: https://maps.googleapis.com/maps/api/js?key=AIzaSyCZwFI5w-jNB3a4WzA-iehVmMrCy1BfdPU&ver=5.1.1, line 73: Error: Could not load "infowindow".
JavaScript error: https://maps.googleapis.com/maps/api/js?key=AIzaSyCZwFI5w-jNB3a4WzA-iehVmMrCy1BfdPU&ver=5.1.1, line 73: Error: Could not load "infowindow".
JavaScript error: https://maps.googleapis.com/maps/api/js?key=AIzaSyCZwFI5w-jNB3a4WzA-iehVmMrCy1BfdPU&ver=5.1.1, line 73: Error: Could not load "infowindow".
JavaScript error: https://maps.googleapis.com/maps/api/js?key=AIzaSyCZwFI5w-jNB3a4WzA-iehVmMrCy1BfdPU&ver=5.1.1, line 73: Error: Could not load "infowindow".
JavaScript error: https://maps.googleapis.com/maps/api/js?key=AIzaSyCZwFI5w-jNB3a4WzA-iehVmMrCy1BfdPU&ver=5.1.1, line 73: Error: Could not load "infowindow".
JavaScript error: https://maps.googleapis.com/maps/api/js?key=AIzaSyCZwFI5w-jNB3a4WzA-iehVmMrCy1BfdPU&ver=5.1.1, line 73: Error: Could not load "infowindow".
JavaScript error: https://maps.googleapis.com/maps/api/js?key=AIzaSyCZwFI5w-jNB3a4WzA-iehVmMrCy1BfdPU&ver=5.1.1, line 73: Error: Could not load "infowindow".
JavaScript error: https://maps.googleapis.com/maps/api/js?key=AIzaSyCZwFI5w-jNB3a4WzA-iehVmMrCy1BfdPU&ver=5.1.1, line 73: Error: Could not load "infowindow".
JavaScript error: https://maps.googleapis.com/maps/api/js?key=AIzaSyCZwFI5w-jNB3a4WzA-iehVmMrCy1BfdPU&ver=5.1.1, line 73: Error: Could not load "infowindow".
JavaScript error: https://maps.googleapis.com/maps/api/js?key=AIzaSyCZwFI5w-jNB3a4WzA-iehVmMrCy1BfdPU&ver=5.1.1, line 73: Error: Could not load "infowindow".
JavaScript error: https://maps.googleapis.com/maps/api/js?key=AIzaSyCZwFI5w-jNB3a4WzA-iehVmMrCy1BfdPU&ver=5.1.1, line 73: Error: Could not load "infowindow".
JavaScript error: https://maps.googleapis.com/maps/api/js?key=AIzaSyCZwFI5w-jNB3a4WzA-iehVmMrCy1BfdPU&ver=5.1.1, line 73: Error: Could not load "infowindow".
JavaScript error: https://maps.googleapis.com/maps/api/js?key=AIzaSyCZwFI5w-jNB3a4WzA-iehVmMrCy1BfdPU&ver=5.1.1, line 73: Error: Could not load "infowindow".
JavaScript error: https://maps.googleapis.com/maps/api/js?key=AIzaSyCZwFI5w-jNB3a4WzA-iehVmMrCy1BfdPU&ver=5.1.1, line 73: Error: Could not load "infowindow".
JavaScript error: https://maps.googleapis.com/maps/api/js?key=AIzaSyCZwFI5w-jNB3a4WzA-iehVmMrCy1BfdPU&ver=5.1.1, line 73: Error: Could not load "infowindow".
JavaScript error: https://maps.googleapis.com/maps/api/js?key=AIzaSyCZwFI5w-jNB3a4WzA-iehVmMrCy1BfdPU&ver=5.1.1, line 73: Error: Could not load "infowindow".
JavaScript warning: https://www.fivestargulfrentals.com/wp-content/plugins/streamline-core-random/assets/masterslider/masterslider.min.js?ver=5.1.1, line 10: Using //@ to indicate sourceMappingURL pragmas is deprecated. Use //# instead
JavaScript error: https://real.vision/dream-weaver, line 47: ReferenceError: riveted is not defined
JavaScript error: https://maps.googleapis.com/maps/api/js?key=AIzaSyCZwFI5w-jNB3a4WzA-iehVmMrCy1BfdPU&ver=5.1.1, line 73: Error: Could not load "infowindow".
JavaScript error: https://maps.googleapis.com/maps/api/js?key=AIzaSyCZwFI5w-jNB3a4WzA-iehVmMrCy1BfdPU&ver=5.1.1, line 73: Error: Could not load "infowindow".
JavaScript error: https://maps.googleapis.com/maps/api/js?key=AIzaSyCZwFI5w-jNB3a4WzA-iehVmMrCy1BfdPU&ver=5.1.1, line 73: Error: Could not load "infowindow".
JavaScript error: https://maps.googleapis.com/maps/api/js?key=AIzaSyCZwFI5w-jNB3a4WzA-iehVmMrCy1BfdPU&ver=5.1.1, line 73: Error: Could not load "infowindow".
JavaScript error: https://maps.googleapis.com/maps/api/js?key=AIzaSyCZwFI5w-jNB3a4WzA-iehVmMrCy1BfdPU&ver=5.1.1, line 73: Error: Could not load "infowindow".
JavaScript error: https://maps.googleapis.com/maps/api/js?key=AIzaSyCZwFI5w-jNB3a4WzA-iehVmMrCy1BfdPU&ver=5.1.1, line 73: Error: Could not load "infowindow".
JavaScript error: https://maps.googleapis.com/maps/api/js?key=AIzaSyCZwFI5w-jNB3a4WzA-iehVmMrCy1BfdPU&ver=5.1.1, line 73: Error: Could not load "infowindow".
JavaScript error: https://maps.googleapis.com/maps/api/js?key=AIzaSyCZwFI5w-jNB3a4WzA-iehVmMrCy1BfdPU&ver=5.1.1, line 73: Error: Could not load "infowindow".
JavaScript error: https://maps.googleapis.com/maps/api/js?key=AIzaSyCZwFI5w-jNB3a4WzA-iehVmMrCy1BfdPU&ver=5.1.1, line 73: Error: Could not load "infowindow".
JavaScript error: https://maps.googleapis.com/maps/api/js?key=AIzaSyCZwFI5w-jNB3a4WzA-iehVmMrCy1BfdPU&ver=5.1.1, line 73: Error: Could not load "infowindow".
JavaScript error: https://maps.googleapis.com/maps/api/js?key=AIzaSyCZwFI5w-jNB3a4WzA-iehVmMrCy1BfdPU&ver=5.1.1, line 73: Error: Could not load "infowindow".
JavaScript error: https://maps.googleapis.com/maps/api/js?key=AIzaSyCZwFI5w-jNB3a4WzA-iehVmMrCy1BfdPU&ver=5.1.1, line 73: Error: Could not load "infowindow".
JavaScript error: https://maps.googleapis.com/maps/api/js?key=AIzaSyCZwFI5w-jNB3a4WzA-iehVmMrCy1BfdPU&ver=5.1.1, line 73: Error: Could not load "infowindow".
JavaScript error: https://maps.googleapis.com/maps/api/js?key=AIzaSyCZwFI5w-jNB3a4WzA-iehVmMrCy1BfdPU&ver=5.1.1, line 73: Error: Could not load "infowindow".
JavaScript error: https://maps.googleapis.com/maps/api/js?key=AIzaSyCZwFI5w-jNB3a4WzA-iehVmMrCy1BfdPU&ver=5.1.1, line 73: Error: Could not load "infowindow".
JavaScript error: https://maps.googleapis.com/maps/api/js?key=AIzaSyCZwFI5w-jNB3a4WzA-iehVmMrCy1BfdPU&ver=5.1.1, line 73: Error: Could not load "infowindow".
JavaScript error: https://maps.googleapis.com/maps/api/js?key=AIzaSyCZwFI5w-jNB3a4WzA-iehVmMrCy1BfdPU&ver=5.1.1, line 73: Error: Could not load "infowindow".
JavaScript error: https://maps.googleapis.com/maps/api/js?key=AIzaSyCZwFI5w-jNB3a4WzA-iehVmMrCy1BfdPU&ver=5.1.1, line 73: Error: Could not load "infowindow".
JavaScript error: https://real.vision/4639-destiny-way, line 47: ReferenceError: riveted is not defined
JavaScript error: https://real.vision/bundle/js/post-tour?v=mMVINcaVZ_4Q5mrGr9whlq6V6mGmQedHjmpL7LOzbnI1, line 1: SyntaxError: JSON.parse: unexpected character at line 1 column 1 of the JSON data
JavaScript error: https://maps.googleapis.com/maps/api/js?key=AIzaSyCZwFI5w-jNB3a4WzA-iehVmMrCy1BfdPU&ver=5.1.1, line 73: Error: Could not load "infowindow".
JavaScript error: https://maps.googleapis.com/maps/api/js?key=AIzaSyCZwFI5w-jNB3a4WzA-iehVmMrCy1BfdPU&ver=5.1.1, line 73: Error: Could not load "infowindow".
JavaScript error: https://maps.googleapis.com/maps/api/js?key=AIzaSyCZwFI5w-jNB3a4WzA-iehVmMrCy1BfdPU&ver=5.1.1, line 73: Error: Could not load "infowindow".
JavaScript error: https://maps.googleapis.com/maps/api/js?key=AIzaSyCZwFI5w-jNB3a4WzA-iehVmMrCy1BfdPU&ver=5.1.1, line 73: Error: Could not load "infowindow".
JavaScript error: https://maps.googleapis.com/maps/api/js?key=AIzaSyCZwFI5w-jNB3a4WzA-iehVmMrCy1BfdPU&ver=5.1.1, line 73: Error: Could not load "infowindow".
JavaScript error: https://maps.googleapis.com/maps/api/js?key=AIzaSyCZwFI5w-jNB3a4WzA-iehVmMrCy1BfdPU&ver=5.1.1, line 73: Error: Could not load "infowindow".
JavaScript error: https://maps.googleapis.com/maps/api/js?key=AIzaSyCZwFI5w-jNB3a4WzA-iehVmMrCy1BfdPU&ver=5.1.1, line 73: Error: Could not load "infowindow".
JavaScript error: https://maps.googleapis.com/maps/api/js?key=AIzaSyCZwFI5w-jNB3a4WzA-iehVmMrCy1BfdPU&ver=5.1.1, line 73: Error: Could not load "infowindow".
JavaScript error: https://maps.googleapis.com/maps/api/js?key=AIzaSyCZwFI5w-jNB3a4WzA-iehVmMrCy1BfdPU&ver=5.1.1, line 73: Error: Could not load "infowindow".
JavaScript error: https://maps.googleapis.com/maps/api/js?key=AIzaSyCZwFI5w-jNB3a4WzA-iehVmMrCy1BfdPU&ver=5.1.1, line 73: Error: Could not load "infowindow".
JavaScript error: https://maps.googleapis.com/maps/api/js?key=AIzaSyCZwFI5w-jNB3a4WzA-iehVmMrCy1BfdPU&ver=5.1.1, line 73: Error: Could not load "infowindow".
JavaScript error: https://maps.googleapis.com/maps/api/js?key=AIzaSyCZwFI5w-jNB3a4WzA-iehVmMrCy1BfdPU&ver=5.1.1, line 73: Error: Could not load "infowindow".
JavaScript error: https://maps.googleapis.com/maps/api/js?key=AIzaSyCZwFI5w-jNB3a4WzA-iehVmMrCy1BfdPU&ver=5.1.1, line 73: Error: Could not load "infowindow".
JavaScript error: https://maps.googleapis.com/maps/api/js?key=AIzaSyCZwFI5w-jNB3a4WzA-iehVmMrCy1BfdPU&ver=5.1.1, line 73: Error: Could not load "infowindow".
JavaScript error: https://maps.googleapis.com/maps/api/js?key=AIzaSyCZwFI5w-jNB3a4WzA-iehVmMrCy1BfdPU&ver=5.1.1, line 73: Error: Could not load "infowindow".
JavaScript error: https://maps.googleapis.com/maps/api/js?key=AIzaSyCZwFI5w-jNB3a4WzA-iehVmMrCy1BfdPU&ver=5.1.1, line 73: Error: Could not load "infowindow".
JavaScript error: https://maps.googleapis.com/maps/api/js?key=AIzaSyCZwFI5w-jNB3a4WzA-iehVmMrCy1BfdPU&ver=5.1.1, line 73: Error: Could not load "infowindow".
JavaScript error: https://maps.googleapis.com/maps/api/js?key=AIzaSyCZwFI5w-jNB3a4WzA-iehVmMrCy1BfdPU&ver=5.1.1, line 73: Error: Could not load "infowindow".
JavaScript error: https://real.vision/honu-hale, line 47: ReferenceError: riveted is not defined
JavaScript error: https://maps.googleapis.com/maps/api/js?key=AIzaSyCZwFI5w-jNB3a4WzA-iehVmMrCy1BfdPU&ver=5.1.1, line 73: Error: Could not load "infowindow".
JavaScript error: https://maps.googleapis.com/maps/api/js?key=AIzaSyCZwFI5w-jNB3a4WzA-iehVmMrCy1BfdPU&ver=5.1.1, line 73: Error: Could not load "infowindow".
JavaScript error: https://maps.googleapis.com/maps/api/js?key=AIzaSyCZwFI5w-jNB3a4WzA-iehVmMrCy1BfdPU&ver=5.1.1, line 73: Error: Could not load "infowindow".
JavaScript error: https://maps.googleapis.com/maps/api/js?key=AIzaSyCZwFI5w-jNB3a4WzA-iehVmMrCy1BfdPU&ver=5.1.1, line 73: Error: Could not load "infowindow".
JavaScript error: https://maps.googleapis.com/maps/api/js?key=AIzaSyCZwFI5w-jNB3a4WzA-iehVmMrCy1BfdPU&ver=5.1.1, line 73: Error: Could not load "infowindow".
JavaScript error: https://maps.googleapis.com/maps/api/js?key=AIzaSyCZwFI5w-jNB3a4WzA-iehVmMrCy1BfdPU&ver=5.1.1, line 73: Error: Could not load "infowindow".
JavaScript error: https://maps.googleapis.com/maps/api/js?key=AIzaSyCZwFI5w-jNB3a4WzA-iehVmMrCy1BfdPU&ver=5.1.1, line 73: Error: Could not load "infowindow".
JavaScript error: https://maps.googleapis.com/maps/api/js?key=AIzaSyCZwFI5w-jNB3a4WzA-iehVmMrCy1BfdPU&ver=5.1.1, line 73: Error: Could not load "infowindow".
JavaScript error: https://maps.googleapis.com/maps/api/js?key=AIzaSyCZwFI5w-jNB3a4WzA-iehVmMrCy1BfdPU&ver=5.1.1, line 73: Error: Could not load "infowindow".
JavaScript error: https://maps.googleapis.com/maps/api/js?key=AIzaSyCZwFI5w-jNB3a4WzA-iehVmMrCy1BfdPU&ver=5.1.1, line 73: Error: Could not load "infowindow".
JavaScript error: https://maps.googleapis.com/maps/api/js?key=AIzaSyCZwFI5w-jNB3a4WzA-iehVmMrCy1BfdPU&ver=5.1.1, line 73: Error: Could not load "infowindow".
JavaScript error: https://maps.googleapis.com/maps/api/js?key=AIzaSyCZwFI5w-jNB3a4WzA-iehVmMrCy1BfdPU&ver=5.1.1, line 73: Error: Could not load "infowindow".
JavaScript error: https://maps.googleapis.com/maps/api/js?key=AIzaSyCZwFI5w-jNB3a4WzA-iehVmMrCy1BfdPU&ver=5.1.1, line 73: Error: Could not load "infowindow".
JavaScript error: https://maps.googleapis.com/maps/api/js?key=AIzaSyCZwFI5w-jNB3a4WzA-iehVmMrCy1BfdPU&ver=5.1.1, line 73: Error: Could not load "infowindow".
JavaScript error: https://maps.googleapis.com/maps/api/js?key=AIzaSyCZwFI5w-jNB3a4WzA-iehVmMrCy1BfdPU&ver=5.1.1, line 73: Error: Could not load "infowindow".
JavaScript error: https://maps.googleapis.com/maps/api/js?key=AIzaSyCZwFI5w-jNB3a4WzA-iehVmMrCy1BfdPU&ver=5.1.1, line 73: Error: Could not load "infowindow".
JavaScript error: https://maps.googleapis.com/maps/api/js?key=AIzaSyCZwFI5w-jNB3a4WzA-iehVmMrCy1BfdPU&ver=5.1.1, line 73: Error: Could not load "infowindow".
JavaScript error: https://maps.googleapis.com/maps/api/js?key=AIzaSyCZwFI5w-jNB3a4WzA-iehVmMrCy1BfdPU&ver=5.1.1, line 73: Error: Could not load "infowindow".
JavaScript error: https://real.vision/paradis, line 47: ReferenceError: riveted is not defined
JavaScript error: https://maps.googleapis.com/maps/api/js?key=AIzaSyCZwFI5w-jNB3a4WzA-iehVmMrCy1BfdPU&ver=5.1.1, line 73: Error: Could not load "infowindow".
JavaScript error: https://maps.googleapis.com/maps/api/js?key=AIzaSyCZwFI5w-jNB3a4WzA-iehVmMrCy1BfdPU&ver=5.1.1, line 73: Error: Could not load "infowindow".
JavaScript error: https://maps.googleapis.com/maps/api/js?key=AIzaSyCZwFI5w-jNB3a4WzA-iehVmMrCy1BfdPU&ver=5.1.1, line 73: Error: Could not load "infowindow".
JavaScript error: https://maps.googleapis.com/maps/api/js?key=AIzaSyCZwFI5w-jNB3a4WzA-iehVmMrCy1BfdPU&ver=5.1.1, line 73: Error: Could not load "infowindow".
JavaScript error: https://maps.googleapis.com/maps/api/js?key=AIzaSyCZwFI5w-jNB3a4WzA-iehVmMrCy1BfdPU&ver=5.1.1, line 73: Error: Could not load "infowindow".
JavaScript error: https://maps.googleapis.com/maps/api/js?key=AIzaSyCZwFI5w-jNB3a4WzA-iehVmMrCy1BfdPU&ver=5.1.1, line 73: Error: Could not load "infowindow".
JavaScript error: https://maps.googleapis.com/maps/api/js?key=AIzaSyCZwFI5w-jNB3a4WzA-iehVmMrCy1BfdPU&ver=5.1.1, line 73: Error: Could not load "infowindow".
JavaScript error: https://maps.googleapis.com/maps/api/js?key=AIzaSyCZwFI5w-jNB3a4WzA-iehVmMrCy1BfdPU&ver=5.1.1, line 73: Error: Could not load "infowindow".
JavaScript error: https://maps.googleapis.com/maps/api/js?key=AIzaSyCZwFI5w-jNB3a4WzA-iehVmMrCy1BfdPU&ver=5.1.1, line 73: Error: Could not load "infowindow".
JavaScript error: https://maps.googleapis.com/maps/api/js?key=AIzaSyCZwFI5w-jNB3a4WzA-iehVmMrCy1BfdPU&ver=5.1.1, line 73: Error: Could not load "infowindow".
JavaScript error: https://maps.googleapis.com/maps/api/js?key=AIzaSyCZwFI5w-jNB3a4WzA-iehVmMrCy1BfdPU&ver=5.1.1, line 73: Error: Could not load "infowindow".
JavaScript error: https://maps.googleapis.com/maps/api/js?key=AIzaSyCZwFI5w-jNB3a4WzA-iehVmMrCy1BfdPU&ver=5.1.1, line 73: Error: Could not load "infowindow".
JavaScript error: https://maps.googleapis.com/maps/api/js?key=AIzaSyCZwFI5w-jNB3a4WzA-iehVmMrCy1BfdPU&ver=5.1.1, line 73: Error: Could not load "infowindow".
JavaScript error: https://maps.googleapis.com/maps/api/js?key=AIzaSyCZwFI5w-jNB3a4WzA-iehVmMrCy1BfdPU&ver=5.1.1, line 73: Error: Could not load "infowindow".
JavaScript error: https://maps.googleapis.com/maps/api/js?key=AIzaSyCZwFI5w-jNB3a4WzA-iehVmMrCy1BfdPU&ver=5.1.1, line 73: Error: Could not load "infowindow".
JavaScript error: https://maps.googleapis.com/maps/api/js?key=AIzaSyCZwFI5w-jNB3a4WzA-iehVmMrCy1BfdPU&ver=5.1.1, line 73: Error: Could not load "infowindow".
JavaScript error: https://maps.googleapis.com/maps/api/js?key=AIzaSyCZwFI5w-jNB3a4WzA-iehVmMrCy1BfdPU&ver=5.1.1, line 73: Error: Could not load "infowindow".
JavaScript error: https://maps.googleapis.com/maps/api/js?key=AIzaSyCZwFI5w-jNB3a4WzA-iehVmMrCy1BfdPU&ver=5.1.1, line 73: Error: Could not load "infowindow".
JavaScript error: https://maps.googleapis.com/maps/api/js?key=AIzaSyCZwFI5w-jNB3a4WzA-iehVmMrCy1BfdPU&ver=5.1.1, line 73: Error: Could not load "infowindow".
JavaScript error: https://maps.googleapis.com/maps/api/js?key=AIzaSyCZwFI5w-jNB3a4WzA-iehVmMrCy1BfdPU&ver=5.1.1, line 73: Error: Could not load "infowindow".
JavaScript error: https://maps.googleapis.com/maps/api/js?key=AIzaSyCZwFI5w-jNB3a4WzA-iehVmMrCy1BfdPU&ver=5.1.1, line 73: Error: Could not load "infowindow".
JavaScript error: https://maps.googleapis.com/maps/api/js?key=AIzaSyCZwFI5w-jNB3a4WzA-iehVmMrCy1BfdPU&ver=5.1.1, line 73: Error: Could not load "infowindow".
JavaScript error: https://maps.googleapis.com/maps/api/js?key=AIzaSyCZwFI5w-jNB3a4WzA-iehVmMrCy1BfdPU&ver=5.1.1, line 73: Error: Could not load "infowindow".
JavaScript error: https://maps.googleapis.com/maps/api/js?key=AIzaSyCZwFI5w-jNB3a4WzA-iehVmMrCy1BfdPU&ver=5.1.1, line 73: Error: Could not load "infowindow".
JavaScript error: https://maps.googleapis.com/maps/api/js?key=AIzaSyCZwFI5w-jNB3a4WzA-iehVmMrCy1BfdPU&ver=5.1.1, line 73: Error: Could not load "infowindow".
JavaScript error: https://maps.googleapis.com/maps/api/js?key=AIzaSyCZwFI5w-jNB3a4WzA-iehVmMrCy1BfdPU&ver=5.1.1, line 73: Error: Could not load "infowindow".
JavaScript error: https://maps.googleapis.com/maps/api/js?key=AIzaSyCZwFI5w-jNB3a4WzA-iehVmMrCy1BfdPU&ver=5.1.1, line 73: Error: Could not load "infowindow".
JavaScript error: https://maps.googleapis.com/maps/api/js?key=AIzaSyCZwFI5w-jNB3a4WzA-iehVmMrCy1BfdPU&ver=5.1.1, line 73: Error: Could not load "infowindow".
JavaScript error: https://maps.googleapis.com/maps/api/js?key=AIzaSyCZwFI5w-jNB3a4WzA-iehVmMrCy1BfdPU&ver=5.1.1, line 73: Error: Could not load "infowindow".
JavaScript error: https://maps.googleapis.com/maps/api/js?key=AIzaSyCZwFI5w-jNB3a4WzA-iehVmMrCy1BfdPU&ver=5.1.1, line 73: Error: Could not load "infowindow".
JavaScript error: https://maps.googleapis.com/maps/api/js?key=AIzaSyCZwFI5w-jNB3a4WzA-iehVmMrCy1BfdPU&ver=5.1.1, line 73: Error: Could not load "infowindow".
JavaScript error: https://maps.googleapis.com/maps/api/js?key=AIzaSyCZwFI5w-jNB3a4WzA-iehVmMrCy1BfdPU&ver=5.1.1, line 73: Error: Could not load "infowindow".
JavaScript error: https://maps.googleapis.com/maps/api/js?key=AIzaSyCZwFI5w-jNB3a4WzA-iehVmMrCy1BfdPU&ver=5.1.1, line 73: Error: Could not load "infowindow".
JavaScript error: https://maps.googleapis.com/maps/api/js?key=AIzaSyCZwFI5w-jNB3a4WzA-iehVmMrCy1BfdPU&ver=5.1.1, line 73: Error: Could not load "infowindow".
JavaScript error: https://maps.googleapis.com/maps/api/js?key=AIzaSyCZwFI5w-jNB3a4WzA-iehVmMrCy1BfdPU&ver=5.1.1, line 73: Error: Could not load "infowindow".
JavaScript error: https://maps.googleapis.com/maps/api/js?key=AIzaSyCZwFI5w-jNB3a4WzA-iehVmMrCy1BfdPU&ver=5.1.1, line 73: Error: Could not load "infowindow".
JavaScript error: https://real.vision/ocean-paradise, line 47: ReferenceError: riveted is not defined
JavaScript error: https://real.vision/bundle/js/post-tour?v=mMVINcaVZ_4Q5mrGr9whlq6V6mGmQedHjmpL7LOzbnI1, line 1: SyntaxError: JSON.parse: unexpected character at line 1 column 1 of the JSON data
JavaScript error: https://maps.googleapis.com/maps/api/js?key=AIzaSyCZwFI5w-jNB3a4WzA-iehVmMrCy1BfdPU&ver=5.1.1, line 73: Error: Could not load "infowindow".
JavaScript error: https://maps.googleapis.com/maps/api/js?key=AIzaSyCZwFI5w-jNB3a4WzA-iehVmMrCy1BfdPU&ver=5.1.1, line 73: Error: Could not load "infowindow".
JavaScript error: https://maps.googleapis.com/maps/api/js?key=AIzaSyCZwFI5w-jNB3a4WzA-iehVmMrCy1BfdPU&ver=5.1.1, line 73: Error: Could not load "infowindow".
JavaScript error: https://maps.googleapis.com/maps/api/js?key=AIzaSyCZwFI5w-jNB3a4WzA-iehVmMrCy1BfdPU&ver=5.1.1, line 73: Error: Could not load "infowindow".
JavaScript error: https://maps.googleapis.com/maps/api/js?key=AIzaSyCZwFI5w-jNB3a4WzA-iehVmMrCy1BfdPU&ver=5.1.1, line 73: Error: Could not load "infowindow".
JavaScript error: https://maps.googleapis.com/maps/api/js?key=AIzaSyCZwFI5w-jNB3a4WzA-iehVmMrCy1BfdPU&ver=5.1.1, line 73: Error: Could not load "infowindow".
JavaScript error: https://maps.googleapis.com/maps/api/js?key=AIzaSyCZwFI5w-jNB3a4WzA-iehVmMrCy1BfdPU&ver=5.1.1, line 73: Error: Could not load "infowindow".
JavaScript error: https://maps.googleapis.com/maps/api/js?key=AIzaSyCZwFI5w-jNB3a4WzA-iehVmMrCy1BfdPU&ver=5.1.1, line 73: Error: Could not load "infowindow".
JavaScript error: https://maps.googleapis.com/maps/api/js?key=AIzaSyCZwFI5w-jNB3a4WzA-iehVmMrCy1BfdPU&ver=5.1.1, line 73: Error: Could not load "infowindow".
JavaScript error: https://maps.googleapis.com/maps/api/js?key=AIzaSyCZwFI5w-jNB3a4WzA-iehVmMrCy1BfdPU&ver=5.1.1, line 73: Error: Could not load "infowindow".
JavaScript error: https://maps.googleapis.com/maps/api/js?key=AIzaSyCZwFI5w-jNB3a4WzA-iehVmMrCy1BfdPU&ver=5.1.1, line 73: Error: Could not load "infowindow".
JavaScript error: https://maps.googleapis.com/maps/api/js?key=AIzaSyCZwFI5w-jNB3a4WzA-iehVmMrCy1BfdPU&ver=5.1.1, line 73: Error: Could not load "infowindow".
JavaScript error: https://maps.googleapis.com/maps/api/js?key=AIzaSyCZwFI5w-jNB3a4WzA-iehVmMrCy1BfdPU&ver=5.1.1, line 73: Error: Could not load "infowindow".
JavaScript error: https://maps.googleapis.com/maps/api/js?key=AIzaSyCZwFI5w-jNB3a4WzA-iehVmMrCy1BfdPU&ver=5.1.1, line 73: Error: Could not load "infowindow".
JavaScript error: https://maps.googleapis.com/maps/api/js?key=AIzaSyCZwFI5w-jNB3a4WzA-iehVmMrCy1BfdPU&ver=5.1.1, line 73: Error: Could not load "infowindow".
JavaScript error: https://maps.googleapis.com/maps/api/js?key=AIzaSyCZwFI5w-jNB3a4WzA-iehVmMrCy1BfdPU&ver=5.1.1, line 73: Error: Could not load "infowindow".
JavaScript error: https://maps.googleapis.com/maps/api/js?key=AIzaSyCZwFI5w-jNB3a4WzA-iehVmMrCy1BfdPU&ver=5.1.1, line 73: Error: Could not load "infowindow".
JavaScript error: https://maps.googleapis.com/maps/api/js?key=AIzaSyCZwFI5w-jNB3a4WzA-iehVmMrCy1BfdPU&ver=5.1.1, line 73: Error: Could not load "infowindow".
JavaScript error: https://real.vision/sea-spell, line 47: ReferenceError: riveted is not defined
JavaScript error: https://maps.googleapis.com/maps/api/js?key=AIzaSyCZwFI5w-jNB3a4WzA-iehVmMrCy1BfdPU&ver=5.1.1, line 73: Error: Could not load "infowindow".
JavaScript error: https://maps.googleapis.com/maps/api/js?key=AIzaSyCZwFI5w-jNB3a4WzA-iehVmMrCy1BfdPU&ver=5.1.1, line 73: Error: Could not load "infowindow".
JavaScript error: https://maps.googleapis.com/maps/api/js?key=AIzaSyCZwFI5w-jNB3a4WzA-iehVmMrCy1BfdPU&ver=5.1.1, line 73: Error: Could not load "infowindow".
JavaScript error: https://maps.googleapis.com/maps/api/js?key=AIzaSyCZwFI5w-jNB3a4WzA-iehVmMrCy1BfdPU&ver=5.1.1, line 73: Error: Could not load "infowindow".
JavaScript error: https://maps.googleapis.com/maps/api/js?key=AIzaSyCZwFI5w-jNB3a4WzA-iehVmMrCy1BfdPU&ver=5.1.1, line 73: Error: Could not load "infowindow".
JavaScript error: https://maps.googleapis.com/maps/api/js?key=AIzaSyCZwFI5w-jNB3a4WzA-iehVmMrCy1BfdPU&ver=5.1.1, line 73: Error: Could not load "infowindow".
JavaScript error: https://maps.googleapis.com/maps/api/js?key=AIzaSyCZwFI5w-jNB3a4WzA-iehVmMrCy1BfdPU&ver=5.1.1, line 73: Error: Could not load "infowindow".
JavaScript error: https://maps.googleapis.com/maps/api/js?key=AIzaSyCZwFI5w-jNB3a4WzA-iehVmMrCy1BfdPU&ver=5.1.1, line 73: Error: Could not load "infowindow".
JavaScript error: https://maps.googleapis.com/maps/api/js?key=AIzaSyCZwFI5w-jNB3a4WzA-iehVmMrCy1BfdPU&ver=5.1.1, line 73: Error: Could not load "infowindow".
JavaScript error: https://maps.googleapis.com/maps/api/js?key=AIzaSyCZwFI5w-jNB3a4WzA-iehVmMrCy1BfdPU&ver=5.1.1, line 73: Error: Could not load "infowindow".
JavaScript error: https://maps.googleapis.com/maps/api/js?key=AIzaSyCZwFI5w-jNB3a4WzA-iehVmMrCy1BfdPU&ver=5.1.1, line 73: Error: Could not load "infowindow".
JavaScript error: https://maps.googleapis.com/maps/api/js?key=AIzaSyCZwFI5w-jNB3a4WzA-iehVmMrCy1BfdPU&ver=5.1.1, line 73: Error: Could not load "infowindow".
JavaScript error: https://maps.googleapis.com/maps/api/js?key=AIzaSyCZwFI5w-jNB3a4WzA-iehVmMrCy1BfdPU&ver=5.1.1, line 73: Error: Could not load "infowindow".
JavaScript error: https://maps.googleapis.com/maps/api/js?key=AIzaSyCZwFI5w-jNB3a4WzA-iehVmMrCy1BfdPU&ver=5.1.1, line 73: Error: Could not load "infowindow".
JavaScript error: https://maps.googleapis.com/maps/api/js?key=AIzaSyCZwFI5w-jNB3a4WzA-iehVmMrCy1BfdPU&ver=5.1.1, line 73: Error: Could not load "infowindow".
JavaScript error: https://maps.googleapis.com/maps/api/js?key=AIzaSyCZwFI5w-jNB3a4WzA-iehVmMrCy1BfdPU&ver=5.1.1, line 73: Error: Could not load "infowindow".
JavaScript error: https://maps.googleapis.com/maps/api/js?key=AIzaSyCZwFI5w-jNB3a4WzA-iehVmMrCy1BfdPU&ver=5.1.1, line 73: Error: Could not load "infowindow".
JavaScript error: https://maps.googleapis.com/maps/api/js?key=AIzaSyCZwFI5w-jNB3a4WzA-iehVmMrCy1BfdPU&ver=5.1.1, line 73: Error: Could not load "infowindow".
JavaScript error: https://real.vision/palazzo-del-mar, line 47: ReferenceError: riveted is not defined
JavaScript error: https://maps.googleapis.com/maps/api/js?key=AIzaSyCZwFI5w-jNB3a4WzA-iehVmMrCy1BfdPU&ver=5.1.1, line 73: Error: Could not load "infowindow".
JavaScript error: https://maps.googleapis.com/maps/api/js?key=AIzaSyCZwFI5w-jNB3a4WzA-iehVmMrCy1BfdPU&ver=5.1.1, line 73: Error: Could not load "infowindow".
JavaScript error: https://maps.googleapis.com/maps/api/js?key=AIzaSyCZwFI5w-jNB3a4WzA-iehVmMrCy1BfdPU&ver=5.1.1, line 73: Error: Could not load "infowindow".
JavaScript error: https://maps.googleapis.com/maps/api/js?key=AIzaSyCZwFI5w-jNB3a4WzA-iehVmMrCy1BfdPU&ver=5.1.1, line 73: Error: Could not load "infowindow".
JavaScript error: https://maps.googleapis.com/maps/api/js?key=AIzaSyCZwFI5w-jNB3a4WzA-iehVmMrCy1BfdPU&ver=5.1.1, line 73: Error: Could not load "infowindow".
JavaScript error: https://maps.googleapis.com/maps/api/js?key=AIzaSyCZwFI5w-jNB3a4WzA-iehVmMrCy1BfdPU&ver=5.1.1, line 73: Error: Could not load "infowindow".
JavaScript error: https://maps.googleapis.com/maps/api/js?key=AIzaSyCZwFI5w-jNB3a4WzA-iehVmMrCy1BfdPU&ver=5.1.1, line 73: Error: Could not load "infowindow".
JavaScript error: https://maps.googleapis.com/maps/api/js?key=AIzaSyCZwFI5w-jNB3a4WzA-iehVmMrCy1BfdPU&ver=5.1.1, line 73: Error: Could not load "infowindow".
JavaScript error: https://maps.googleapis.com/maps/api/js?key=AIzaSyCZwFI5w-jNB3a4WzA-iehVmMrCy1BfdPU&ver=5.1.1, line 73: Error: Could not load "infowindow".
JavaScript error: https://maps.googleapis.com/maps/api/js?key=AIzaSyCZwFI5w-jNB3a4WzA-iehVmMrCy1BfdPU&ver=5.1.1, line 73: Error: Could not load "infowindow".
JavaScript error: https://maps.googleapis.com/maps/api/js?key=AIzaSyCZwFI5w-jNB3a4WzA-iehVmMrCy1BfdPU&ver=5.1.1, line 73: Error: Could not load "infowindow".
JavaScript error: https://maps.googleapis.com/maps/api/js?key=AIzaSyCZwFI5w-jNB3a4WzA-iehVmMrCy1BfdPU&ver=5.1.1, line 73: Error: Could not load "infowindow".
JavaScript error: https://maps.googleapis.com/maps/api/js?key=AIzaSyCZwFI5w-jNB3a4WzA-iehVmMrCy1BfdPU&ver=5.1.1, line 73: Error: Could not load "infowindow".
JavaScript error: https://maps.googleapis.com/maps/api/js?key=AIzaSyCZwFI5w-jNB3a4WzA-iehVmMrCy1BfdPU&ver=5.1.1, line 73: Error: Could not load "infowindow".
JavaScript error: https://maps.googleapis.com/maps/api/js?key=AIzaSyCZwFI5w-jNB3a4WzA-iehVmMrCy1BfdPU&ver=5.1.1, line 73: Error: Could not load "infowindow".
JavaScript error: https://maps.googleapis.com/maps/api/js?key=AIzaSyCZwFI5w-jNB3a4WzA-iehVmMrCy1BfdPU&ver=5.1.1, line 73: Error: Could not load "infowindow".
JavaScript error: https://maps.googleapis.com/maps/api/js?key=AIzaSyCZwFI5w-jNB3a4WzA-iehVmMrCy1BfdPU&ver=5.1.1, line 73: Error: Could not load "infowindow".
JavaScript error: https://maps.googleapis.com/maps/api/js?key=AIzaSyCZwFI5w-jNB3a4WzA-iehVmMrCy1BfdPU&ver=5.1.1, line 73: Error: Could not load "infowindow".
JavaScript error: https://real.vision/le-bon-vivant, line 47: ReferenceError: riveted is not defined
JavaScript error: https://real.vision/bundle/js/post-tour?v=mMVINcaVZ_4Q5mrGr9whlq6V6mGmQedHjmpL7LOzbnI1, line 1: SyntaxError: JSON.parse: unexpected character at line 1 column 1 of the JSON data
JavaScript error: https://maps.googleapis.com/maps/api/js?key=AIzaSyCZwFI5w-jNB3a4WzA-iehVmMrCy1BfdPU&ver=5.1.1, line 73: Error: Could not load "infowindow".
JavaScript error: https://maps.googleapis.com/maps/api/js?key=AIzaSyCZwFI5w-jNB3a4WzA-iehVmMrCy1BfdPU&ver=5.1.1, line 73: Error: Could not load "infowindow".
JavaScript error: https://maps.googleapis.com/maps/api/js?key=AIzaSyCZwFI5w-jNB3a4WzA-iehVmMrCy1BfdPU&ver=5.1.1, line 73: Error: Could not load "infowindow".
JavaScript error: https://maps.googleapis.com/maps/api/js?key=AIzaSyCZwFI5w-jNB3a4WzA-iehVmMrCy1BfdPU&ver=5.1.1, line 73: Error: Could not load "infowindow".
JavaScript error: https://maps.googleapis.com/maps/api/js?key=AIzaSyCZwFI5w-jNB3a4WzA-iehVmMrCy1BfdPU&ver=5.1.1, line 73: Error: Could not load "infowindow".
JavaScript error: https://maps.googleapis.com/maps/api/js?key=AIzaSyCZwFI5w-jNB3a4WzA-iehVmMrCy1BfdPU&ver=5.1.1, line 73: Error: Could not load "infowindow".
JavaScript error: https://maps.googleapis.com/maps/api/js?key=AIzaSyCZwFI5w-jNB3a4WzA-iehVmMrCy1BfdPU&ver=5.1.1, line 73: Error: Could not load "infowindow".
JavaScript error: https://maps.googleapis.com/maps/api/js?key=AIzaSyCZwFI5w-jNB3a4WzA-iehVmMrCy1BfdPU&ver=5.1.1, line 73: Error: Could not load "infowindow".
JavaScript error: https://maps.googleapis.com/maps/api/js?key=AIzaSyCZwFI5w-jNB3a4WzA-iehVmMrCy1BfdPU&ver=5.1.1, line 73: Error: Could not load "infowindow".
JavaScript error: https://maps.googleapis.com/maps/api/js?key=AIzaSyCZwFI5w-jNB3a4WzA-iehVmMrCy1BfdPU&ver=5.1.1, line 73: Error: Could not load "infowindow".
JavaScript error: https://maps.googleapis.com/maps/api/js?key=AIzaSyCZwFI5w-jNB3a4WzA-iehVmMrCy1BfdPU&ver=5.1.1, line 73: Error: Could not load "infowindow".
JavaScript error: https://maps.googleapis.com/maps/api/js?key=AIzaSyCZwFI5w-jNB3a4WzA-iehVmMrCy1BfdPU&ver=5.1.1, line 73: Error: Could not load "infowindow".
JavaScript error: https://maps.googleapis.com/maps/api/js?key=AIzaSyCZwFI5w-jNB3a4WzA-iehVmMrCy1BfdPU&ver=5.1.1, line 73: Error: Could not load "infowindow".
JavaScript error: https://maps.googleapis.com/maps/api/js?key=AIzaSyCZwFI5w-jNB3a4WzA-iehVmMrCy1BfdPU&ver=5.1.1, line 73: Error: Could not load "infowindow".
JavaScript error: https://maps.googleapis.com/maps/api/js?key=AIzaSyCZwFI5w-jNB3a4WzA-iehVmMrCy1BfdPU&ver=5.1.1, line 73: Error: Could not load "infowindow".
JavaScript error: https://maps.googleapis.com/maps/api/js?key=AIzaSyCZwFI5w-jNB3a4WzA-iehVmMrCy1BfdPU&ver=5.1.1, line 73: Error: Could not load "infowindow".
JavaScript error: https://maps.googleapis.com/maps/api/js?key=AIzaSyCZwFI5w-jNB3a4WzA-iehVmMrCy1BfdPU&ver=5.1.1, line 73: Error: Could not load "infowindow".
JavaScript error: https://maps.googleapis.com/maps/api/js?key=AIzaSyCZwFI5w-jNB3a4WzA-iehVmMrCy1BfdPU&ver=5.1.1, line 73: Error: Could not load "infowindow".
JavaScript error: https://real.vision/luna-plata, line 47: ReferenceError: riveted is not defined
JavaScript error: https://maps.googleapis.com/maps/api/js?key=AIzaSyCZwFI5w-jNB3a4WzA-iehVmMrCy1BfdPU&ver=5.1.1, line 73: Error: Could not load "infowindow".
JavaScript error: https://maps.googleapis.com/maps/api/js?key=AIzaSyCZwFI5w-jNB3a4WzA-iehVmMrCy1BfdPU&ver=5.1.1, line 73: Error: Could not load "infowindow".
JavaScript error: https://maps.googleapis.com/maps/api/js?key=AIzaSyCZwFI5w-jNB3a4WzA-iehVmMrCy1BfdPU&ver=5.1.1, line 73: Error: Could not load "infowindow".
JavaScript error: https://maps.googleapis.com/maps/api/js?key=AIzaSyCZwFI5w-jNB3a4WzA-iehVmMrCy1BfdPU&ver=5.1.1, line 73: Error: Could not load "infowindow".
JavaScript error: https://maps.googleapis.com/maps/api/js?key=AIzaSyCZwFI5w-jNB3a4WzA-iehVmMrCy1BfdPU&ver=5.1.1, line 73: Error: Could not load "infowindow".
JavaScript error: https://maps.googleapis.com/maps/api/js?key=AIzaSyCZwFI5w-jNB3a4WzA-iehVmMrCy1BfdPU&ver=5.1.1, line 73: Error: Could not load "infowindow".
JavaScript error: https://maps.googleapis.com/maps/api/js?key=AIzaSyCZwFI5w-jNB3a4WzA-iehVmMrCy1BfdPU&ver=5.1.1, line 73: Error: Could not load "infowindow".
JavaScript error: https://maps.googleapis.com/maps/api/js?key=AIzaSyCZwFI5w-jNB3a4WzA-iehVmMrCy1BfdPU&ver=5.1.1, line 73: Error: Could not load "infowindow".
JavaScript error: https://maps.googleapis.com/maps/api/js?key=AIzaSyCZwFI5w-jNB3a4WzA-iehVmMrCy1BfdPU&ver=5.1.1, line 73: Error: Could not load "infowindow".
JavaScript error: https://maps.googleapis.com/maps/api/js?key=AIzaSyCZwFI5w-jNB3a4WzA-iehVmMrCy1BfdPU&ver=5.1.1, line 73: Error: Could not load "infowindow".
JavaScript error: https://maps.googleapis.com/maps/api/js?key=AIzaSyCZwFI5w-jNB3a4WzA-iehVmMrCy1BfdPU&ver=5.1.1, line 73: Error: Could not load "infowindow".
JavaScript error: https://maps.googleapis.com/maps/api/js?key=AIzaSyCZwFI5w-jNB3a4WzA-iehVmMrCy1BfdPU&ver=5.1.1, line 73: Error: Could not load "infowindow".
JavaScript error: https://maps.googleapis.com/maps/api/js?key=AIzaSyCZwFI5w-jNB3a4WzA-iehVmMrCy1BfdPU&ver=5.1.1, line 73: Error: Could not load "infowindow".
JavaScript error: https://maps.googleapis.com/maps/api/js?key=AIzaSyCZwFI5w-jNB3a4WzA-iehVmMrCy1BfdPU&ver=5.1.1, line 73: Error: Could not load "infowindow".
JavaScript error: https://maps.googleapis.com/maps/api/js?key=AIzaSyCZwFI5w-jNB3a4WzA-iehVmMrCy1BfdPU&ver=5.1.1, line 73: Error: Could not load "infowindow".
JavaScript error: https://maps.googleapis.com/maps/api/js?key=AIzaSyCZwFI5w-jNB3a4WzA-iehVmMrCy1BfdPU&ver=5.1.1, line 73: Error: Could not load "infowindow".
JavaScript error: https://maps.googleapis.com/maps/api/js?key=AIzaSyCZwFI5w-jNB3a4WzA-iehVmMrCy1BfdPU&ver=5.1.1, line 73: Error: Could not load "infowindow".
JavaScript error: https://maps.googleapis.com/maps/api/js?key=AIzaSyCZwFI5w-jNB3a4WzA-iehVmMrCy1BfdPU&ver=5.1.1, line 73: Error: Could not load "infowindow".
JavaScript error: https://maps.googleapis.com/maps/api/js?key=AIzaSyCZwFI5w-jNB3a4WzA-iehVmMrCy1BfdPU&ver=5.1.1, line 73: Error: Could not load "infowindow".
JavaScript error: https://maps.googleapis.com/maps/api/js?key=AIzaSyCZwFI5w-jNB3a4WzA-iehVmMrCy1BfdPU&ver=5.1.1, line 73: Error: Could not load "infowindow".
JavaScript error: https://maps.googleapis.com/maps/api/js?key=AIzaSyCZwFI5w-jNB3a4WzA-iehVmMrCy1BfdPU&ver=5.1.1, line 73: Error: Could not load "infowindow".
JavaScript error: https://maps.googleapis.com/maps/api/js?key=AIzaSyCZwFI5w-jNB3a4WzA-iehVmMrCy1BfdPU&ver=5.1.1, line 73: Error: Could not load "infowindow".
JavaScript error: https://maps.googleapis.com/maps/api/js?key=AIzaSyCZwFI5w-jNB3a4WzA-iehVmMrCy1BfdPU&ver=5.1.1, line 73: Error: Could not load "infowindow".
JavaScript error: https://maps.googleapis.com/maps/api/js?key=AIzaSyCZwFI5w-jNB3a4WzA-iehVmMrCy1BfdPU&ver=5.1.1, line 73: Error: Could not load "infowindow".
JavaScript error: https://maps.googleapis.com/maps/api/js?key=AIzaSyCZwFI5w-jNB3a4WzA-iehVmMrCy1BfdPU&ver=5.1.1, line 73: Error: Could not load "infowindow".
JavaScript error: https://maps.googleapis.com/maps/api/js?key=AIzaSyCZwFI5w-jNB3a4WzA-iehVmMrCy1BfdPU&ver=5.1.1, line 73: Error: Could not load "infowindow".
JavaScript error: https://maps.googleapis.com/maps/api/js?key=AIzaSyCZwFI5w-jNB3a4WzA-iehVmMrCy1BfdPU&ver=5.1.1, line 73: Error: Could not load "infowindow".
JavaScript error: https://maps.googleapis.com/maps/api/js?key=AIzaSyCZwFI5w-jNB3a4WzA-iehVmMrCy1BfdPU&ver=5.1.1, line 73: Error: Could not load "infowindow".
JavaScript error: https://maps.googleapis.com/maps/api/js?key=AIzaSyCZwFI5w-jNB3a4WzA-iehVmMrCy1BfdPU&ver=5.1.1, line 73: Error: Could not load "infowindow".
JavaScript error: https://maps.googleapis.com/maps/api/js?key=AIzaSyCZwFI5w-jNB3a4WzA-iehVmMrCy1BfdPU&ver=5.1.1, line 73: Error: Could not load "infowindow".
JavaScript error: https://maps.googleapis.com/maps/api/js?key=AIzaSyCZwFI5w-jNB3a4WzA-iehVmMrCy1BfdPU&ver=5.1.1, line 73: Error: Could not load "infowindow".
JavaScript error: https://maps.googleapis.com/maps/api/js?key=AIzaSyCZwFI5w-jNB3a4WzA-iehVmMrCy1BfdPU&ver=5.1.1, line 73: Error: Could not load "infowindow".
JavaScript error: https://maps.googleapis.com/maps/api/js?key=AIzaSyCZwFI5w-jNB3a4WzA-iehVmMrCy1BfdPU&ver=5.1.1, line 73: Error: Could not load "infowindow".
JavaScript error: https://maps.googleapis.com/maps/api/js?key=AIzaSyCZwFI5w-jNB3a4WzA-iehVmMrCy1BfdPU&ver=5.1.1, line 73: Error: Could not load "infowindow".
JavaScript error: https://maps.googleapis.com/maps/api/js?key=AIzaSyCZwFI5w-jNB3a4WzA-iehVmMrCy1BfdPU&ver=5.1.1, line 73: Error: Could not load "infowindow".
JavaScript error: https://maps.googleapis.com/maps/api/js?key=AIzaSyCZwFI5w-jNB3a4WzA-iehVmMrCy1BfdPU&ver=5.1.1, line 73: Error: Could not load "infowindow".
JavaScript error: https://real.vision/crystal-shores, line 47: ReferenceError: riveted is not defined
JavaScript error: https://real.vision/bundle/js/post-tour?v=mMVINcaVZ_4Q5mrGr9whlq6V6mGmQedHjmpL7LOzbnI1, line 1: SyntaxError: JSON.parse: unexpected character at line 1 column 1 of the JSON data
JavaScript error: https://maps.googleapis.com/maps/api/js?key=AIzaSyCZwFI5w-jNB3a4WzA-iehVmMrCy1BfdPU&ver=5.1.1, line 73: Error: Could not load "infowindow".
JavaScript error: https://maps.googleapis.com/maps/api/js?key=AIzaSyCZwFI5w-jNB3a4WzA-iehVmMrCy1BfdPU&ver=5.1.1, line 73: Error: Could not load "infowindow".
JavaScript error: https://maps.googleapis.com/maps/api/js?key=AIzaSyCZwFI5w-jNB3a4WzA-iehVmMrCy1BfdPU&ver=5.1.1, line 73: Error: Could not load "infowindow".
JavaScript error: https://maps.googleapis.com/maps/api/js?key=AIzaSyCZwFI5w-jNB3a4WzA-iehVmMrCy1BfdPU&ver=5.1.1, line 73: Error: Could not load "infowindow".
JavaScript error: https://maps.googleapis.com/maps/api/js?key=AIzaSyCZwFI5w-jNB3a4WzA-iehVmMrCy1BfdPU&ver=5.1.1, line 73: Error: Could not load "infowindow".
JavaScript error: https://maps.googleapis.com/maps/api/js?key=AIzaSyCZwFI5w-jNB3a4WzA-iehVmMrCy1BfdPU&ver=5.1.1, line 73: Error: Could not load "infowindow".
JavaScript error: https://maps.googleapis.com/maps/api/js?key=AIzaSyCZwFI5w-jNB3a4WzA-iehVmMrCy1BfdPU&ver=5.1.1, line 73: Error: Could not load "infowindow".
JavaScript error: https://maps.googleapis.com/maps/api/js?key=AIzaSyCZwFI5w-jNB3a4WzA-iehVmMrCy1BfdPU&ver=5.1.1, line 73: Error: Could not load "infowindow".
JavaScript error: https://maps.googleapis.com/maps/api/js?key=AIzaSyCZwFI5w-jNB3a4WzA-iehVmMrCy1BfdPU&ver=5.1.1, line 73: Error: Could not load "infowindow".
JavaScript error: https://maps.googleapis.com/maps/api/js?key=AIzaSyCZwFI5w-jNB3a4WzA-iehVmMrCy1BfdPU&ver=5.1.1, line 73: Error: Could not load "infowindow".
JavaScript error: https://maps.googleapis.com/maps/api/js?key=AIzaSyCZwFI5w-jNB3a4WzA-iehVmMrCy1BfdPU&ver=5.1.1, line 73: Error: Could not load "infowindow".
JavaScript error: https://maps.googleapis.com/maps/api/js?key=AIzaSyCZwFI5w-jNB3a4WzA-iehVmMrCy1BfdPU&ver=5.1.1, line 73: Error: Could not load "infowindow".
JavaScript error: https://maps.googleapis.com/maps/api/js?key=AIzaSyCZwFI5w-jNB3a4WzA-iehVmMrCy1BfdPU&ver=5.1.1, line 73: Error: Could not load "infowindow".
JavaScript error: https://maps.googleapis.com/maps/api/js?key=AIzaSyCZwFI5w-jNB3a4WzA-iehVmMrCy1BfdPU&ver=5.1.1, line 73: Error: Could not load "infowindow".
JavaScript error: https://maps.googleapis.com/maps/api/js?key=AIzaSyCZwFI5w-jNB3a4WzA-iehVmMrCy1BfdPU&ver=5.1.1, line 73: Error: Could not load "infowindow".
JavaScript error: https://maps.googleapis.com/maps/api/js?key=AIzaSyCZwFI5w-jNB3a4WzA-iehVmMrCy1BfdPU&ver=5.1.1, line 73: Error: Could not load "infowindow".
JavaScript error: https://maps.googleapis.com/maps/api/js?key=AIzaSyCZwFI5w-jNB3a4WzA-iehVmMrCy1BfdPU&ver=5.1.1, line 73: Error: Could not load "infowindow".
JavaScript error: https://maps.googleapis.com/maps/api/js?key=AIzaSyCZwFI5w-jNB3a4WzA-iehVmMrCy1BfdPU&ver=5.1.1, line 73: Error: Could not load "infowindow".
JavaScript error: https://real.vision/son-kissed, line 47: ReferenceError: riveted is not defined
JavaScript error: https://real.vision/bundle/js/post-tour?v=mMVINcaVZ_4Q5mrGr9whlq6V6mGmQedHjmpL7LOzbnI1, line 1: SyntaxError: JSON.parse: unexpected character at line 1 column 1 of the JSON data
JavaScript error: https://maps.googleapis.com/maps/api/js?key=AIzaSyCZwFI5w-jNB3a4WzA-iehVmMrCy1BfdPU&ver=5.1.1, line 73: Error: Could not load "infowindow".
JavaScript error: https://maps.googleapis.com/maps/api/js?key=AIzaSyCZwFI5w-jNB3a4WzA-iehVmMrCy1BfdPU&ver=5.1.1, line 73: Error: Could not load "infowindow".
JavaScript error: https://maps.googleapis.com/maps/api/js?key=AIzaSyCZwFI5w-jNB3a4WzA-iehVmMrCy1BfdPU&ver=5.1.1, line 73: Error: Could not load "infowindow".
JavaScript error: https://maps.googleapis.com/maps/api/js?key=AIzaSyCZwFI5w-jNB3a4WzA-iehVmMrCy1BfdPU&ver=5.1.1, line 73: Error: Could not load "infowindow".
JavaScript error: https://maps.googleapis.com/maps/api/js?key=AIzaSyCZwFI5w-jNB3a4WzA-iehVmMrCy1BfdPU&ver=5.1.1, line 73: Error: Could not load "infowindow".
JavaScript error: https://maps.googleapis.com/maps/api/js?key=AIzaSyCZwFI5w-jNB3a4WzA-iehVmMrCy1BfdPU&ver=5.1.1, line 73: Error: Could not load "infowindow".
JavaScript error: https://maps.googleapis.com/maps/api/js?key=AIzaSyCZwFI5w-jNB3a4WzA-iehVmMrCy1BfdPU&ver=5.1.1, line 73: Error: Could not load "infowindow".
JavaScript error: https://maps.googleapis.com/maps/api/js?key=AIzaSyCZwFI5w-jNB3a4WzA-iehVmMrCy1BfdPU&ver=5.1.1, line 73: Error: Could not load "infowindow".
JavaScript error: https://maps.googleapis.com/maps/api/js?key=AIzaSyCZwFI5w-jNB3a4WzA-iehVmMrCy1BfdPU&ver=5.1.1, line 73: Error: Could not load "infowindow".
JavaScript error: https://maps.googleapis.com/maps/api/js?key=AIzaSyCZwFI5w-jNB3a4WzA-iehVmMrCy1BfdPU&ver=5.1.1, line 73: Error: Could not load "infowindow".
JavaScript error: https://maps.googleapis.com/maps/api/js?key=AIzaSyCZwFI5w-jNB3a4WzA-iehVmMrCy1BfdPU&ver=5.1.1, line 73: Error: Could not load "infowindow".
JavaScript error: https://maps.googleapis.com/maps/api/js?key=AIzaSyCZwFI5w-jNB3a4WzA-iehVmMrCy1BfdPU&ver=5.1.1, line 73: Error: Could not load "infowindow".
JavaScript error: https://maps.googleapis.com/maps/api/js?key=AIzaSyCZwFI5w-jNB3a4WzA-iehVmMrCy1BfdPU&ver=5.1.1, line 73: Error: Could not load "infowindow".
JavaScript error: https://maps.googleapis.com/maps/api/js?key=AIzaSyCZwFI5w-jNB3a4WzA-iehVmMrCy1BfdPU&ver=5.1.1, line 73: Error: Could not load "infowindow".
JavaScript error: https://maps.googleapis.com/maps/api/js?key=AIzaSyCZwFI5w-jNB3a4WzA-iehVmMrCy1BfdPU&ver=5.1.1, line 73: Error: Could not load "infowindow".
JavaScript error: https://maps.googleapis.com/maps/api/js?key=AIzaSyCZwFI5w-jNB3a4WzA-iehVmMrCy1BfdPU&ver=5.1.1, line 73: Error: Could not load "infowindow".
JavaScript error: https://maps.googleapis.com/maps/api/js?key=AIzaSyCZwFI5w-jNB3a4WzA-iehVmMrCy1BfdPU&ver=5.1.1, line 73: Error: Could not load "infowindow".
JavaScript error: https://maps.googleapis.com/maps/api/js?key=AIzaSyCZwFI5w-jNB3a4WzA-iehVmMrCy1BfdPU&ver=5.1.1, line 73: Error: Could not load "infowindow".
JavaScript error: https://real.vision/endless-sunset, line 47: ReferenceError: riveted is not defined
JavaScript error: https://real.vision/bundle/js/post-tour?v=mMVINcaVZ_4Q5mrGr9whlq6V6mGmQedHjmpL7LOzbnI1, line 1: SyntaxError: JSON.parse: unexpected character at line 1 column 1 of the JSON data
JavaScript error: https://maps.googleapis.com/maps/api/js?key=AIzaSyCZwFI5w-jNB3a4WzA-iehVmMrCy1BfdPU&ver=5.1.1, line 73: Error: Could not load "infowindow".
JavaScript error: https://maps.googleapis.com/maps/api/js?key=AIzaSyCZwFI5w-jNB3a4WzA-iehVmMrCy1BfdPU&ver=5.1.1, line 73: Error: Could not load "infowindow".
JavaScript error: https://maps.googleapis.com/maps/api/js?key=AIzaSyCZwFI5w-jNB3a4WzA-iehVmMrCy1BfdPU&ver=5.1.1, line 73: Error: Could not load "infowindow".
JavaScript error: https://maps.googleapis.com/maps/api/js?key=AIzaSyCZwFI5w-jNB3a4WzA-iehVmMrCy1BfdPU&ver=5.1.1, line 73: Error: Could not load "infowindow".
JavaScript error: https://maps.googleapis.com/maps/api/js?key=AIzaSyCZwFI5w-jNB3a4WzA-iehVmMrCy1BfdPU&ver=5.1.1, line 73: Error: Could not load "infowindow".
JavaScript error: https://maps.googleapis.com/maps/api/js?key=AIzaSyCZwFI5w-jNB3a4WzA-iehVmMrCy1BfdPU&ver=5.1.1, line 73: Error: Could not load "infowindow".
JavaScript error: https://maps.googleapis.com/maps/api/js?key=AIzaSyCZwFI5w-jNB3a4WzA-iehVmMrCy1BfdPU&ver=5.1.1, line 73: Error: Could not load "infowindow".
JavaScript error: https://maps.googleapis.com/maps/api/js?key=AIzaSyCZwFI5w-jNB3a4WzA-iehVmMrCy1BfdPU&ver=5.1.1, line 73: Error: Could not load "infowindow".
JavaScript error: https://maps.googleapis.com/maps/api/js?key=AIzaSyCZwFI5w-jNB3a4WzA-iehVmMrCy1BfdPU&ver=5.1.1, line 73: Error: Could not load "infowindow".
JavaScript error: https://maps.googleapis.com/maps/api/js?key=AIzaSyCZwFI5w-jNB3a4WzA-iehVmMrCy1BfdPU&ver=5.1.1, line 73: Error: Could not load "infowindow".
JavaScript error: https://maps.googleapis.com/maps/api/js?key=AIzaSyCZwFI5w-jNB3a4WzA-iehVmMrCy1BfdPU&ver=5.1.1, line 73: Error: Could not load "infowindow".
JavaScript error: https://maps.googleapis.com/maps/api/js?key=AIzaSyCZwFI5w-jNB3a4WzA-iehVmMrCy1BfdPU&ver=5.1.1, line 73: Error: Could not load "infowindow".
JavaScript error: https://maps.googleapis.com/maps/api/js?key=AIzaSyCZwFI5w-jNB3a4WzA-iehVmMrCy1BfdPU&ver=5.1.1, line 73: Error: Could not load "infowindow".
JavaScript error: https://maps.googleapis.com/maps/api/js?key=AIzaSyCZwFI5w-jNB3a4WzA-iehVmMrCy1BfdPU&ver=5.1.1, line 73: Error: Could not load "infowindow".
JavaScript error: https://maps.googleapis.com/maps/api/js?key=AIzaSyCZwFI5w-jNB3a4WzA-iehVmMrCy1BfdPU&ver=5.1.1, line 73: Error: Could not load "infowindow".
JavaScript error: https://maps.googleapis.com/maps/api/js?key=AIzaSyCZwFI5w-jNB3a4WzA-iehVmMrCy1BfdPU&ver=5.1.1, line 73: Error: Could not load "infowindow".
JavaScript error: https://maps.googleapis.com/maps/api/js?key=AIzaSyCZwFI5w-jNB3a4WzA-iehVmMrCy1BfdPU&ver=5.1.1, line 73: Error: Could not load "infowindow".
JavaScript error: https://maps.googleapis.com/maps/api/js?key=AIzaSyCZwFI5w-jNB3a4WzA-iehVmMrCy1BfdPU&ver=5.1.1, line 73: Error: Could not load "infowindow".
JavaScript error: https://real.vision/the-pelagic-blue, line 47: ReferenceError: riveted is not defined
JavaScript error: https://real.vision/bundle/js/post-tour?v=mMVINcaVZ_4Q5mrGr9whlq6V6mGmQedHjmpL7LOzbnI1, line 1: SyntaxError: JSON.parse: unexpected character at line 1 column 1 of the JSON data
JavaScript error: https://maps.googleapis.com/maps/api/js?key=AIzaSyCZwFI5w-jNB3a4WzA-iehVmMrCy1BfdPU&ver=5.1.1, line 73: Error: Could not load "infowindow".
JavaScript error: https://maps.googleapis.com/maps/api/js?key=AIzaSyCZwFI5w-jNB3a4WzA-iehVmMrCy1BfdPU&ver=5.1.1, line 73: Error: Could not load "infowindow".
JavaScript error: https://maps.googleapis.com/maps/api/js?key=AIzaSyCZwFI5w-jNB3a4WzA-iehVmMrCy1BfdPU&ver=5.1.1, line 73: Error: Could not load "infowindow".
JavaScript error: https://maps.googleapis.com/maps/api/js?key=AIzaSyCZwFI5w-jNB3a4WzA-iehVmMrCy1BfdPU&ver=5.1.1, line 73: Error: Could not load "infowindow".
JavaScript error: https://maps.googleapis.com/maps/api/js?key=AIzaSyCZwFI5w-jNB3a4WzA-iehVmMrCy1BfdPU&ver=5.1.1, line 73: Error: Could not load "infowindow".
JavaScript error: https://maps.googleapis.com/maps/api/js?key=AIzaSyCZwFI5w-jNB3a4WzA-iehVmMrCy1BfdPU&ver=5.1.1, line 73: Error: Could not load "infowindow".
JavaScript error: https://maps.googleapis.com/maps/api/js?key=AIzaSyCZwFI5w-jNB3a4WzA-iehVmMrCy1BfdPU&ver=5.1.1, line 73: Error: Could not load "infowindow".
JavaScript error: https://maps.googleapis.com/maps/api/js?key=AIzaSyCZwFI5w-jNB3a4WzA-iehVmMrCy1BfdPU&ver=5.1.1, line 73: Error: Could not load "infowindow".
JavaScript error: https://maps.googleapis.com/maps/api/js?key=AIzaSyCZwFI5w-jNB3a4WzA-iehVmMrCy1BfdPU&ver=5.1.1, line 73: Error: Could not load "infowindow".
JavaScript error: https://maps.googleapis.com/maps/api/js?key=AIzaSyCZwFI5w-jNB3a4WzA-iehVmMrCy1BfdPU&ver=5.1.1, line 73: Error: Could not load "infowindow".
JavaScript error: https://maps.googleapis.com/maps/api/js?key=AIzaSyCZwFI5w-jNB3a4WzA-iehVmMrCy1BfdPU&ver=5.1.1, line 73: Error: Could not load "infowindow".
JavaScript error: https://maps.googleapis.com/maps/api/js?key=AIzaSyCZwFI5w-jNB3a4WzA-iehVmMrCy1BfdPU&ver=5.1.1, line 73: Error: Could not load "infowindow".
JavaScript error: https://maps.googleapis.com/maps/api/js?key=AIzaSyCZwFI5w-jNB3a4WzA-iehVmMrCy1BfdPU&ver=5.1.1, line 73: Error: Could not load "infowindow".
JavaScript error: https://maps.googleapis.com/maps/api/js?key=AIzaSyCZwFI5w-jNB3a4WzA-iehVmMrCy1BfdPU&ver=5.1.1, line 73: Error: Could not load "infowindow".
JavaScript error: https://maps.googleapis.com/maps/api/js?key=AIzaSyCZwFI5w-jNB3a4WzA-iehVmMrCy1BfdPU&ver=5.1.1, line 73: Error: Could not load "infowindow".
JavaScript error: https://maps.googleapis.com/maps/api/js?key=AIzaSyCZwFI5w-jNB3a4WzA-iehVmMrCy1BfdPU&ver=5.1.1, line 73: Error: Could not load "infowindow".
JavaScript error: https://maps.googleapis.com/maps/api/js?key=AIzaSyCZwFI5w-jNB3a4WzA-iehVmMrCy1BfdPU&ver=5.1.1, line 73: Error: Could not load "infowindow".
JavaScript error: https://maps.googleapis.com/maps/api/js?key=AIzaSyCZwFI5w-jNB3a4WzA-iehVmMrCy1BfdPU&ver=5.1.1, line 73: Error: Could not load "infowindow".
JavaScript error: https://maps.googleapis.com/maps/api/js?key=AIzaSyCZwFI5w-jNB3a4WzA-iehVmMrCy1BfdPU&ver=5.1.1, line 73: Error: Could not load "infowindow".
JavaScript error: https://maps.googleapis.com/maps/api/js?key=AIzaSyCZwFI5w-jNB3a4WzA-iehVmMrCy1BfdPU&ver=5.1.1, line 73: Error: Could not load "infowindow".
JavaScript error: https://maps.googleapis.com/maps/api/js?key=AIzaSyCZwFI5w-jNB3a4WzA-iehVmMrCy1BfdPU&ver=5.1.1, line 73: Error: Could not load "infowindow".
JavaScript error: https://maps.googleapis.com/maps/api/js?key=AIzaSyCZwFI5w-jNB3a4WzA-iehVmMrCy1BfdPU&ver=5.1.1, line 73: Error: Could not load "infowindow".
JavaScript error: https://maps.googleapis.com/maps/api/js?key=AIzaSyCZwFI5w-jNB3a4WzA-iehVmMrCy1BfdPU&ver=5.1.1, line 73: Error: Could not load "infowindow".
JavaScript error: https://maps.googleapis.com/maps/api/js?key=AIzaSyCZwFI5w-jNB3a4WzA-iehVmMrCy1BfdPU&ver=5.1.1, line 73: Error: Could not load "infowindow".
JavaScript error: https://maps.googleapis.com/maps/api/js?key=AIzaSyCZwFI5w-jNB3a4WzA-iehVmMrCy1BfdPU&ver=5.1.1, line 73: Error: Could not load "infowindow".
JavaScript error: https://maps.googleapis.com/maps/api/js?key=AIzaSyCZwFI5w-jNB3a4WzA-iehVmMrCy1BfdPU&ver=5.1.1, line 73: Error: Could not load "infowindow".
JavaScript error: https://maps.googleapis.com/maps/api/js?key=AIzaSyCZwFI5w-jNB3a4WzA-iehVmMrCy1BfdPU&ver=5.1.1, line 73: Error: Could not load "infowindow".
JavaScript error: https://maps.googleapis.com/maps/api/js?key=AIzaSyCZwFI5w-jNB3a4WzA-iehVmMrCy1BfdPU&ver=5.1.1, line 73: Error: Could not load "infowindow".
JavaScript error: https://maps.googleapis.com/maps/api/js?key=AIzaSyCZwFI5w-jNB3a4WzA-iehVmMrCy1BfdPU&ver=5.1.1, line 73: Error: Could not load "infowindow".
JavaScript error: https://maps.googleapis.com/maps/api/js?key=AIzaSyCZwFI5w-jNB3a4WzA-iehVmMrCy1BfdPU&ver=5.1.1, line 73: Error: Could not load "infowindow".
JavaScript error: https://maps.googleapis.com/maps/api/js?key=AIzaSyCZwFI5w-jNB3a4WzA-iehVmMrCy1BfdPU&ver=5.1.1, line 73: Error: Could not load "infowindow".
JavaScript error: https://maps.googleapis.com/maps/api/js?key=AIzaSyCZwFI5w-jNB3a4WzA-iehVmMrCy1BfdPU&ver=5.1.1, line 73: Error: Could not load "infowindow".
JavaScript error: https://maps.googleapis.com/maps/api/js?key=AIzaSyCZwFI5w-jNB3a4WzA-iehVmMrCy1BfdPU&ver=5.1.1, line 73: Error: Could not load "infowindow".
JavaScript error: https://maps.googleapis.com/maps/api/js?key=AIzaSyCZwFI5w-jNB3a4WzA-iehVmMrCy1BfdPU&ver=5.1.1, line 73: Error: Could not load "infowindow".
JavaScript error: https://maps.googleapis.com/maps/api/js?key=AIzaSyCZwFI5w-jNB3a4WzA-iehVmMrCy1BfdPU&ver=5.1.1, line 73: Error: Could not load "infowindow".
JavaScript error: https://maps.googleapis.com/maps/api/js?key=AIzaSyCZwFI5w-jNB3a4WzA-iehVmMrCy1BfdPU&ver=5.1.1, line 73: Error: Could not load "infowindow".
JavaScript error: https://real.vision/sugar-shack, line 47: ReferenceError: riveted is not defined
JavaScript error: https://maps.googleapis.com/maps/api/js?key=AIzaSyCZwFI5w-jNB3a4WzA-iehVmMrCy1BfdPU&ver=5.1.1, line 73: Error: Could not load "infowindow".
JavaScript error: https://maps.googleapis.com/maps/api/js?key=AIzaSyCZwFI5w-jNB3a4WzA-iehVmMrCy1BfdPU&ver=5.1.1, line 73: Error: Could not load "infowindow".
JavaScript error: https://maps.googleapis.com/maps/api/js?key=AIzaSyCZwFI5w-jNB3a4WzA-iehVmMrCy1BfdPU&ver=5.1.1, line 73: Error: Could not load "infowindow".
JavaScript error: https://maps.googleapis.com/maps/api/js?key=AIzaSyCZwFI5w-jNB3a4WzA-iehVmMrCy1BfdPU&ver=5.1.1, line 73: Error: Could not load "infowindow".
JavaScript error: https://maps.googleapis.com/maps/api/js?key=AIzaSyCZwFI5w-jNB3a4WzA-iehVmMrCy1BfdPU&ver=5.1.1, line 73: Error: Could not load "infowindow".
JavaScript error: https://maps.googleapis.com/maps/api/js?key=AIzaSyCZwFI5w-jNB3a4WzA-iehVmMrCy1BfdPU&ver=5.1.1, line 73: Error: Could not load "infowindow".
JavaScript error: https://maps.googleapis.com/maps/api/js?key=AIzaSyCZwFI5w-jNB3a4WzA-iehVmMrCy1BfdPU&ver=5.1.1, line 73: Error: Could not load "infowindow".
JavaScript error: https://maps.googleapis.com/maps/api/js?key=AIzaSyCZwFI5w-jNB3a4WzA-iehVmMrCy1BfdPU&ver=5.1.1, line 73: Error: Could not load "infowindow".
JavaScript error: https://maps.googleapis.com/maps/api/js?key=AIzaSyCZwFI5w-jNB3a4WzA-iehVmMrCy1BfdPU&ver=5.1.1, line 73: Error: Could not load "infowindow".
JavaScript error: https://maps.googleapis.com/maps/api/js?key=AIzaSyCZwFI5w-jNB3a4WzA-iehVmMrCy1BfdPU&ver=5.1.1, line 73: Error: Could not load "infowindow".
JavaScript error: https://maps.googleapis.com/maps/api/js?key=AIzaSyCZwFI5w-jNB3a4WzA-iehVmMrCy1BfdPU&ver=5.1.1, line 73: Error: Could not load "infowindow".
JavaScript error: https://maps.googleapis.com/maps/api/js?key=AIzaSyCZwFI5w-jNB3a4WzA-iehVmMrCy1BfdPU&ver=5.1.1, line 73: Error: Could not load "infowindow".
JavaScript error: https://maps.googleapis.com/maps/api/js?key=AIzaSyCZwFI5w-jNB3a4WzA-iehVmMrCy1BfdPU&ver=5.1.1, line 73: Error: Could not load "infowindow".
JavaScript error: https://maps.googleapis.com/maps/api/js?key=AIzaSyCZwFI5w-jNB3a4WzA-iehVmMrCy1BfdPU&ver=5.1.1, line 73: Error: Could not load "infowindow".
JavaScript error: https://maps.googleapis.com/maps/api/js?key=AIzaSyCZwFI5w-jNB3a4WzA-iehVmMrCy1BfdPU&ver=5.1.1, line 73: Error: Could not load "infowindow".
JavaScript error: https://maps.googleapis.com/maps/api/js?key=AIzaSyCZwFI5w-jNB3a4WzA-iehVmMrCy1BfdPU&ver=5.1.1, line 73: Error: Could not load "infowindow".
JavaScript error: https://maps.googleapis.com/maps/api/js?key=AIzaSyCZwFI5w-jNB3a4WzA-iehVmMrCy1BfdPU&ver=5.1.1, line 73: Error: Could not load "infowindow".
JavaScript error: https://maps.googleapis.com/maps/api/js?key=AIzaSyCZwFI5w-jNB3a4WzA-iehVmMrCy1BfdPU&ver=5.1.1, line 73: Error: Could not load "infowindow".
JavaScript error: https://real.vision/casa-esmeralda, line 47: ReferenceError: riveted is not defined
[Parent 5272, Gecko_IOThread] WARNING: pipe error: 109: file z:/build/build/src/ipc/chromium/src/chrome/common/ipc_channel_win.cc, line 332
[Child 984, Chrome_ChildThread] WARNING: pipe error: 109: file z:/build/build/src/ipc/chromium/src/chrome/common/ipc_channel_win.cc, line 332
[Child 29344, Chrome_ChildThread] WARNING:[Child 984, Chrome_ChildThread] WARNING: pipe error: 109: file z:/build/build/src/ipc/chromium/src/chrome/common/ipc_channel_win.cc, line 332 pipe error: 109: file z:/build/build/src/ipc/chromium/src/chrome/common/ipc_channel_win.cc, line 332
[Child 29344, Chrome_ChildThread] WARNING: pipe error: 109: f[Parent 5272, Gecko_IOThread] WARNING: pipe error: 109: file z:/build/build/src/ipc/chromium/src/chrome/common/ipc_channel_win.cc, line 332
[Child 28336, Chrome_ChildThread] WARNING: pipe error: 109: file z:/build/build/src/ipc/chromium/src/chrome/common/ipc_channel_win.cc, line 332
[Child 28336, Ch1556860419926	Marionette	INFO	Stopped listening on port 55832
[GPU 2967
###!!! [Child][RunMessage] Error: Channel closing: too late to send/recv, messages will be lost

2, Chrome_ChildThread] WARNING: pipe error: 109
###!!! [Child][MessageChannel::SendAndWait] Error: Channel error: cannot send/recv

